{"meta": {"format": 3, "version": "7.11.0", "timestamp": "2025-11-24T14:26:18.736309", "branch_coverage": false, "show_contexts": false}, "files": {"app/__init__.py": {"executed_lines": [1, 6, 7, 8, 9, 10, 11, 12, 13, 15, 16, 17, 18, 20, 23, 26, 34, 46, 49, 51, 52, 53, 58, 59, 62, 71, 74, 76, 88, 107, 108, 109, 110, 115, 126, 127, 133, 136, 137, 138, 140, 141, 142, 149, 160, 161, 162, 163, 164, 165, 166, 167, 169, 170, 171, 172, 173, 176, 179, 182, 183, 184, 189, 191], "summary": {"covered_lines": 63, "num_statements": 76, "percent_covered": 82.89473684210526, "percent_covered_display": "83", "missing_lines": 13, "excluded_lines": 0}, "missing_lines": [63, 64, 65, 66, 67, 68, 69, 112, 144, 145, 146, 177, 186], "excluded_lines": [], "functions": {"create_app": {"executed_lines": [46, 49, 51, 52, 53, 58, 59, 62, 71, 74, 76, 88, 107, 108, 109, 110, 115, 126, 127, 133, 136, 137, 138, 140, 141, 142, 149, 160, 161, 162, 163, 164, 165, 166, 167, 169, 170, 171, 172, 173, 176, 179, 182, 183, 184, 189, 191], "summary": {"covered_lines": 47, "num_statements": 60, "percent_covered": 78.33333333333333, "percent_covered_display": "78", "missing_lines": 13, "excluded_lines": 0}, "missing_lines": [63, 64, 65, 66, 67, 68, 69, 112, 144, 145, 146, 177, 186], "excluded_lines": []}, "": {"executed_lines": [1, 6, 7, 8, 9, 10, 11, 12, 13, 15, 16, 17, 18, 20, 23, 26, 34], "summary": {"covered_lines": 16, "num_statements": 16, "percent_covered": 100.0, "percent_covered_display": "100", "missing_lines": 0, "excluded_lines": 0}, "missing_lines": [], "excluded_lines": []}}, "classes": {"": {"executed_lines": [1, 6, 7, 8, 9, 10, 11, 12, 13, 15, 16, 17, 18, 20, 23, 26, 34, 46, 49, 51, 52, 53, 58, 59, 62, 71, 74, 76, 88, 107, 108, 109, 110, 115, 126, 127, 133, 136, 137, 138, 140, 141, 142, 149, 160, 161, 162, 163, 164, 165, 166, 167, 169, 170, 171, 172, 173, 176, 179, 182, 183, 184, 189, 191], "summary": {"covered_lines": 63, "num_statements": 76, "percent_covered": 82.89473684210526, "percent_covered_display": "83", "missing_lines": 13, "excluded_lines": 0}, "missing_lines": [63, 64, 65, 66, 67, 68, 69, 112, 144, 145, 146, 177, 186], "excluded_lines": []}}}, "app/config.py": {"executed_lines": [1, 2, 4, 5, 8, 9, 13, 16, 24, 27, 28, 32, 33, 34, 35, 38, 39, 41, 46, 47, 52, 53, 56, 63, 66, 74, 78, 81, 84, 87, 90, 98, 101, 104, 107, 108, 109, 110, 113, 129, 130, 141, 142, 145, 146, 147, 149, 150, 152, 156, 160, 163, 166, 167, 168, 169, 170, 171, 172, 175, 179, 182, 185, 186, 187, 188, 191, 195, 196, 197, 198, 201, 202, 206, 223, 237, 258, 259, 260, 261, 262, 264, 265, 266, 267, 268, 269, 270, 271, 272, 274, 275, 276, 280, 281, 283, 284, 286, 287, 289, 290, 292, 293, 295, 296, 298, 299, 301, 302, 304, 305], "summary": {"covered_lines": 110, "num_statements": 123, "percent_covered": 89.4308943089431, "percent_covered_display": "89", "missing_lines": 13, "excluded_lines": 0}, "missing_lines": [17, 18, 19, 29, 43, 48, 49, 67, 68, 69, 91, 92, 93], "excluded_lines": [], "functions": {"Config.is_public_endpoint": {"executed_lines": [141, 142, 145, 146, 147, 149, 150, 152], "summary": {"covered_lines": 8, "num_statements": 8, "percent_covered": 100.0, "percent_covered_display": "100", "missing_lines": 0, "excluded_lines": 0}, "missing_lines": [], "excluded_lines": []}, "get_valid_platforms": {"executed_lines": [281], "summary": {"covered_lines": 1, "num_statements": 1, "percent_covered": 100.0, "percent_covered_display": "100", "missing_lines": 0, "excluded_lines": 0}, "missing_lines": [], "excluded_lines": []}, "get_valid_environments": {"executed_lines": [284], "summary": {"covered_lines": 1, "num_statements": 1, "percent_covered": 100.0, "percent_covered_display": "100", "missing_lines": 0, "excluded_lines": 0}, "missing_lines": [], "excluded_lines": []}, "get_valid_statuses": {"executed_lines": [287], "summary": {"covered_lines": 1, "num_statements": 1, "percent_covered": 100.0, "percent_covered_display": "100", "missing_lines": 0, "excluded_lines": 0}, "missing_lines": [], "excluded_lines": []}, "is_valid_platform": {"executed_lines": [290], "summary": {"covered_lines": 1, "num_statements": 1, "percent_covered": 100.0, "percent_covered_display": "100", "missing_lines": 0, "excluded_lines": 0}, "missing_lines": [], "excluded_lines": []}, "is_valid_environment": {"executed_lines": [293], "summary": {"covered_lines": 1, "num_statements": 1, "percent_covered": 100.0, "percent_covered_display": "100", "missing_lines": 0, "excluded_lines": 0}, "missing_lines": [], "excluded_lines": []}, "is_valid_status": {"executed_lines": [296], "summary": {"covered_lines": 1, "num_statements": 1, "percent_covered": 100.0, "percent_covered_display": "100", "missing_lines": 0, "excluded_lines": 0}, "missing_lines": [], "excluded_lines": []}, "get_platform_display_name": {"executed_lines": [299], "summary": {"covered_lines": 1, "num_statements": 1, "percent_covered": 100.0, "percent_covered_display": "100", "missing_lines": 0, "excluded_lines": 0}, "missing_lines": [], "excluded_lines": []}, "get_environment_display_name": {"executed_lines": [302], "summary": {"covered_lines": 1, "num_statements": 1, "percent_covered": 100.0, "percent_covered_display": "100", "missing_lines": 0, "excluded_lines": 0}, "missing_lines": [], "excluded_lines": []}, "is_public_endpoint": {"executed_lines": [305], "summary": {"covered_lines": 1, "num_statements": 1, "percent_covered": 100.0, "percent_covered_display": "100", "missing_lines": 0, "excluded_lines": 0}, "missing_lines": [], "excluded_lines": []}, "": {"executed_lines": [1, 2, 4, 5, 8, 9, 13, 16, 24, 27, 28, 32, 33, 34, 35, 38, 39, 41, 46, 47, 52, 53, 56, 63, 66, 74, 78, 81, 84, 87, 90, 98, 101, 104, 107, 108, 109, 110, 113, 129, 130, 156, 160, 163, 166, 167, 168, 169, 170, 171, 172, 175, 179, 182, 185, 186, 187, 188, 191, 195, 196, 197, 198, 201, 202, 206, 223, 237, 258, 259, 260, 261, 262, 264, 265, 266, 267, 268, 269, 270, 271, 272, 274, 275, 276, 280, 283, 286, 289, 292, 295, 298, 301, 304], "summary": {"covered_lines": 93, "num_statements": 106, "percent_covered": 87.73584905660377, "percent_covered_display": "88", "missing_lines": 13, "excluded_lines": 0}, "missing_lines": [17, 18, 19, 29, 43, 48, 49, 67, 68, 69, 91, 92, 93], "excluded_lines": []}}, "classes": {"Config": {"executed_lines": [141, 142, 145, 146, 147, 149, 150, 152], "summary": {"covered_lines": 8, "num_statements": 8, "percent_covered": 100.0, "percent_covered_display": "100", "missing_lines": 0, "excluded_lines": 0}, "missing_lines": [], "excluded_lines": []}, "": {"executed_lines": [1, 2, 4, 5, 8, 9, 13, 16, 24, 27, 28, 32, 33, 34, 35, 38, 39, 41, 46, 47, 52, 53, 56, 63, 66, 74, 78, 81, 84, 87, 90, 98, 101, 104, 107, 108, 109, 110, 113, 129, 130, 156, 160, 163, 166, 167, 168, 169, 170, 171, 172, 175, 179, 182, 185, 186, 187, 188, 191, 195, 196, 197, 198, 201, 202, 206, 223, 237, 258, 259, 260, 261, 262, 264, 265, 266, 267, 268, 269, 270, 271, 272, 274, 275, 276, 280, 281, 283, 284, 286, 287, 289, 290, 292, 293, 295, 296, 298, 299, 301, 302, 304, 305], "summary": {"covered_lines": 102, "num_statements": 115, "percent_covered": 88.69565217391305, "percent_covered_display": "89", "missing_lines": 13, "excluded_lines": 0}, "missing_lines": [17, 18, 19, 29, 43, 48, 49, 67, 68, 69, 91, 92, 93], "excluded_lines": []}}}, "app/models/__init__.py": {"executed_lines": [1], "summary": {"covered_lines": 0, "num_statements": 0, "percent_covered": 100.0, "percent_covered_display": "100", "missing_lines": 0, "excluded_lines": 0}, "missing_lines": [], "excluded_lines": [], "functions": {"": {"executed_lines": [1], "summary": {"covered_lines": 0, "num_statements": 0, "percent_covered": 100.0, "percent_covered_display": "100", "missing_lines": 0, "excluded_lines": 0}, "missing_lines": [], "excluded_lines": []}}, "classes": {"": {"executed_lines": [1], "summary": {"covered_lines": 0, "num_statements": 0, "percent_covered": 100.0, "percent_covered_display": "100", "missing_lines": 0, "excluded_lines": 0}, "missing_lines": [], "excluded_lines": []}}}, "app/models/api_model.py": {"executed_lines": [1, 2, 3, 5, 6, 8, 10, 11, 12, 13, 14, 15, 16, 17, 19, 21, 23, 24, 26, 27, 28], "summary": {"covered_lines": 19, "num_statements": 19, "percent_covered": 100.0, "percent_covered_display": "100", "missing_lines": 0, "excluded_lines": 0}, "missing_lines": [], "excluded_lines": [], "functions": {"APIModel.__init__": {"executed_lines": [10, 11, 12, 13, 14, 15, 16, 17], "summary": {"covered_lines": 8, "num_statements": 8, "percent_covered": 100.0, "percent_covered_display": "100", "missing_lines": 0, "excluded_lines": 0}, "missing_lines": [], "excluded_lines": []}, "APIModel.to_dict": {"executed_lines": [21], "summary": {"covered_lines": 1, "num_statements": 1, "percent_covered": 100.0, "percent_covered_display": "100", "missing_lines": 0, "excluded_lines": 0}, "missing_lines": [], "excluded_lines": []}, "APIModel.from_db": {"executed_lines": [26, 27, 28], "summary": {"covered_lines": 3, "num_statements": 3, "percent_covered": 100.0, "percent_covered_display": "100", "missing_lines": 0, "excluded_lines": 0}, "missing_lines": [], "excluded_lines": []}, "": {"executed_lines": [1, 2, 3, 5, 6, 8, 19, 23, 24], "summary": {"covered_lines": 7, "num_statements": 7, "percent_covered": 100.0, "percent_covered_display": "100", "missing_lines": 0, "excluded_lines": 0}, "missing_lines": [], "excluded_lines": []}}, "classes": {"APIModel": {"executed_lines": [10, 11, 12, 13, 14, 15, 16, 17, 21, 26, 27, 28], "summary": {"covered_lines": 12, "num_statements": 12, "percent_covered": 100.0, "percent_covered_display": "100", "missing_lines": 0, "excluded_lines": 0}, "missing_lines": [], "excluded_lines": []}, "": {"executed_lines": [1, 2, 3, 5, 6, 8, 19, 23, 24], "summary": {"covered_lines": 7, "num_statements": 7, "percent_covered": 100.0, "percent_covered_display": "100", "missing_lines": 0, "excluded_lines": 0}, "missing_lines": [], "excluded_lines": []}}}, "app/routes/__init__.py": {"executed_lines": [1], "summary": {"covered_lines": 0, "num_statements": 0, "percent_covered": 100.0, "percent_covered_display": "100", "missing_lines": 0, "excluded_lines": 0}, "missing_lines": [], "excluded_lines": [], "functions": {"": {"executed_lines": [1], "summary": {"covered_lines": 0, "num_statements": 0, "percent_covered": 100.0, "percent_covered_display": "100", "missing_lines": 0, "excluded_lines": 0}, "missing_lines": [], "excluded_lines": []}}, "classes": {"": {"executed_lines": [1], "summary": {"covered_lines": 0, "num_statements": 0, "percent_covered": 100.0, "percent_covered_display": "100", "missing_lines": 0, "excluded_lines": 0}, "missing_lines": [], "excluded_lines": []}}}, "app/routes/admin_routes.py": {"executed_lines": [1, 7, 8, 9, 11, 12, 14, 16, 19, 21, 28, 29, 30, 70, 72, 79, 80, 84, 87, 94, 96, 99, 101, 103, 126, 127, 128, 165, 167, 170, 172, 186, 187, 188, 218, 220, 223, 225, 227, 235, 236, 249, 250, 251, 297, 299, 300, 307, 314, 315, 316, 322, 323, 330, 332, 335, 348, 349, 354, 355, 356, 363, 364, 365, 401, 403, 404, 409, 410, 414, 421, 423, 426, 428, 430, 444, 445, 446, 477, 479, 480, 481, 482, 483, 484, 487, 490, 493, 494, 495, 497, 519, 520, 521, 545, 546, 548, 550], "summary": {"covered_lines": 97, "num_statements": 129, "percent_covered": 75.1937984496124, "percent_covered_display": "75", "missing_lines": 32, "excluded_lines": 0}, "missing_lines": [73, 81, 82, 88, 117, 118, 119, 178, 179, 180, 241, 242, 243, 301, 302, 308, 324, 340, 342, 405, 406, 411, 415, 436, 437, 438, 512, 513, 514, 557, 558, 559], "excluded_lines": [], "functions": {"get_backup_service": {"executed_lines": [21], "summary": {"covered_lines": 1, "num_statements": 1, "percent_covered": 100.0, "percent_covered_display": "100", "missing_lines": 0, "excluded_lines": 0}, "missing_lines": [], "excluded_lines": []}, "create_backup": {"executed_lines": [70, 72, 79, 80, 84, 87, 94, 96, 99, 101, 103], "summary": {"covered_lines": 11, "num_statements": 18, "percent_covered": 61.111111111111114, "percent_covered_display": "61", "missing_lines": 7, "excluded_lines": 0}, "missing_lines": [73, 81, 82, 88, 117, 118, 119], "excluded_lines": []}, "list_backups": {"executed_lines": [165, 167, 170, 172], "summary": {"covered_lines": 4, "num_statements": 7, "percent_covered": 57.142857142857146, "percent_covered_display": "57", "missing_lines": 3, "excluded_lines": 0}, "missing_lines": [178, 179, 180], "excluded_lines": []}, "delete_backup": {"executed_lines": [218, 220, 223, 225, 227, 235, 236], "summary": {"covered_lines": 7, "num_statements": 10, "percent_covered": 70.0, "percent_covered_display": "70", "missing_lines": 3, "excluded_lines": 0}, "missing_lines": [241, 242, 243], "excluded_lines": []}, "restore_backup": {"executed_lines": [297, 299, 300, 307, 314, 315, 316, 322, 323, 330, 332, 335, 348, 349, 354, 355, 356], "summary": {"covered_lines": 17, "num_statements": 23, "percent_covered": 73.91304347826087, "percent_covered_display": "74", "missing_lines": 6, "excluded_lines": 0}, "missing_lines": [301, 302, 308, 324, 340, 342], "excluded_lines": []}, "cleanup_old_backups": {"executed_lines": [401, 403, 404, 409, 410, 414, 421, 423, 426, 428, 430], "summary": {"covered_lines": 11, "num_statements": 18, "percent_covered": 61.111111111111114, "percent_covered_display": "61", "missing_lines": 7, "excluded_lines": 0}, "missing_lines": [405, 406, 411, 415, 436, 437, 438], "excluded_lines": []}, "backup_status": {"executed_lines": [477, 479, 480, 481, 482, 483, 484, 487, 490, 493, 494, 495, 497], "summary": {"covered_lines": 13, "num_statements": 16, "percent_covered": 81.25, "percent_covered_display": "81", "missing_lines": 3, "excluded_lines": 0}, "missing_lines": [512, 513, 514], "excluded_lines": []}, "get_scheduled_jobs": {"executed_lines": [545, 546, 548, 550], "summary": {"covered_lines": 4, "num_statements": 7, "percent_covered": 57.142857142857146, "percent_covered_display": "57", "missing_lines": 3, "excluded_lines": 0}, "missing_lines": [557, 558, 559], "excluded_lines": []}, "": {"executed_lines": [1, 7, 8, 9, 11, 12, 14, 16, 19, 28, 29, 30, 126, 127, 128, 186, 187, 188, 249, 250, 251, 363, 364, 365, 444, 445, 446, 519, 520, 521], "summary": {"covered_lines": 29, "num_statements": 29, "percent_covered": 100.0, "percent_covered_display": "100", "missing_lines": 0, "excluded_lines": 0}, "missing_lines": [], "excluded_lines": []}}, "classes": {"": {"executed_lines": [1, 7, 8, 9, 11, 12, 14, 16, 19, 21, 28, 29, 30, 70, 72, 79, 80, 84, 87, 94, 96, 99, 101, 103, 126, 127, 128, 165, 167, 170, 172, 186, 187, 188, 218, 220, 223, 225, 227, 235, 236, 249, 250, 251, 297, 299, 300, 307, 314, 315, 316, 322, 323, 330, 332, 335, 348, 349, 354, 355, 356, 363, 364, 365, 401, 403, 404, 409, 410, 414, 421, 423, 426, 428, 430, 444, 445, 446, 477, 479, 480, 481, 482, 483, 484, 487, 490, 493, 494, 495, 497, 519, 520, 521, 545, 546, 548, 550], "summary": {"covered_lines": 97, "num_statements": 129, "percent_covered": 75.1937984496124, "percent_covered_display": "75", "missing_lines": 32, "excluded_lines": 0}, "missing_lines": [73, 81, 82, 88, 117, 118, 119, 178, 179, 180, 241, 242, 243, 301, 302, 308, 324, 340, 342, 405, 406, 411, 415, 436, 437, 438, 512, 513, 514, 557, 558, 559], "excluded_lines": []}}}, "app/routes/api_routes.py": {"executed_lines": [1, 2, 3, 4, 5, 7, 9, 11, 12, 13, 18, 19, 20, 21, 22, 23, 25, 26, 27, 30, 31, 35, 36, 41, 44, 50, 51, 52, 55, 58, 60, 62, 82, 83, 84, 86, 87, 90, 91, 96, 104, 106, 113, 114, 123, 135, 136, 138, 139, 141, 153, 154, 155, 157, 158, 159, 160, 163, 164, 165, 171, 176, 177, 178, 181, 183, 185, 186, 188, 189, 191, 192, 193, 196, 199, 204, 208], "summary": {"covered_lines": 76, "num_statements": 90, "percent_covered": 84.44444444444444, "percent_covered_display": "84", "missing_lines": 14, "excluded_lines": 0}, "missing_lines": [75, 76, 77, 117, 118, 128, 129, 130, 146, 147, 148, 214, 215, 216], "excluded_lines": [], "functions": {"search": {"executed_lines": [18, 19, 20, 21, 22, 23, 25, 26, 27, 30, 31, 35, 36, 41, 44, 50, 51, 52, 55, 58, 60, 62], "summary": {"covered_lines": 22, "num_statements": 25, "percent_covered": 88.0, "percent_covered_display": "88", "missing_lines": 3, "excluded_lines": 0}, "missing_lines": [75, 76, 77], "excluded_lines": []}, "get_suggestions": {"executed_lines": [86, 87, 90, 91, 96, 104, 106, 113, 114, 123], "summary": {"covered_lines": 10, "num_statements": 15, "percent_covered": 66.66666666666667, "percent_covered_display": "67", "missing_lines": 5, "excluded_lines": 0}, "missing_lines": [117, 118, 128, 129, 130], "excluded_lines": []}, "get_stats": {"executed_lines": [138, 139, 141], "summary": {"covered_lines": 3, "num_statements": 6, "percent_covered": 50.0, "percent_covered_display": "50", "missing_lines": 3, "excluded_lines": 0}, "missing_lines": [146, 147, 148], "excluded_lines": []}, "export_data": {"executed_lines": [157, 158, 159, 160, 163, 164, 165, 171, 176, 177, 178, 181, 183, 185, 186, 188, 189, 191, 192, 193, 196, 199, 204, 208], "summary": {"covered_lines": 24, "num_statements": 27, "percent_covered": 88.88888888888889, "percent_covered_display": "89", "missing_lines": 3, "excluded_lines": 0}, "missing_lines": [214, 215, 216], "excluded_lines": []}, "": {"executed_lines": [1, 2, 3, 4, 5, 7, 9, 11, 12, 13, 82, 83, 84, 135, 136, 153, 154, 155], "summary": {"covered_lines": 17, "num_statements": 17, "percent_covered": 100.0, "percent_covered_display": "100", "missing_lines": 0, "excluded_lines": 0}, "missing_lines": [], "excluded_lines": []}}, "classes": {"": {"executed_lines": [1, 2, 3, 4, 5, 7, 9, 11, 12, 13, 18, 19, 20, 21, 22, 23, 25, 26, 27, 30, 31, 35, 36, 41, 44, 50, 51, 52, 55, 58, 60, 62, 82, 83, 84, 86, 87, 90, 91, 96, 104, 106, 113, 114, 123, 135, 136, 138, 139, 141, 153, 154, 155, 157, 158, 159, 160, 163, 164, 165, 171, 176, 177, 178, 181, 183, 185, 186, 188, 189, 191, 192, 193, 196, 199, 204, 208], "summary": {"covered_lines": 76, "num_statements": 90, "percent_covered": 84.44444444444444, "percent_covered_display": "84", "missing_lines": 14, "excluded_lines": 0}, "missing_lines": [75, 76, 77, 117, 118, 128, 129, 130, 146, 147, 148, 214, 215, 216], "excluded_lines": []}}}, "app/routes/audit_routes.py": {"executed_lines": [1, 8, 9, 10, 11, 12, 14, 16, 19, 24, 43, 44, 45, 46, 179, 180, 181, 228, 229, 230, 306, 307, 308, 368, 369, 370, 371, 400, 401, 402, 459, 460], "summary": {"covered_lines": 31, "num_statements": 162, "percent_covered": 19.135802469135804, "percent_covered_display": "19", "missing_lines": 131, "excluded_lines": 0}, "missing_lines": [21, 34, 35, 36, 37, 38, 39, 40, 69, 70, 73, 74, 75, 76, 77, 80, 81, 82, 83, 84, 90, 91, 93, 94, 96, 97, 100, 103, 104, 105, 106, 108, 109, 113, 115, 118, 119, 121, 122, 123, 124, 125, 130, 131, 132, 133, 134, 140, 151, 157, 171, 172, 173, 196, 197, 200, 201, 202, 203, 205, 206, 209, 211, 220, 221, 222, 250, 252, 254, 255, 256, 257, 259, 260, 265, 269, 270, 275, 278, 279, 280, 281, 283, 284, 287, 289, 298, 299, 300, 325, 326, 329, 330, 331, 332, 333, 339, 340, 342, 343, 345, 346, 349, 351, 360, 361, 362, 382, 383, 385, 387, 392, 393, 394, 421, 423, 424, 429, 432, 433, 435, 436, 437, 443, 445, 451, 452, 453, 470, 472, 477], "excluded_lines": [], "functions": {"get_audit_service": {"executed_lines": [], "summary": {"covered_lines": 0, "num_statements": 1, "percent_covered": 0.0, "percent_covered_display": "0", "missing_lines": 1, "excluded_lines": 0}, "missing_lines": [21], "excluded_lines": []}, "is_admin_user": {"executed_lines": [], "summary": {"covered_lines": 0, "num_statements": 7, "percent_covered": 0.0, "percent_covered_display": "0", "missing_lines": 7, "excluded_lines": 0}, "missing_lines": [34, 35, 36, 37, 38, 39, 40], "excluded_lines": []}, "get_logs": {"executed_lines": [], "summary": {"covered_lines": 0, "num_statements": 45, "percent_covered": 0.0, "percent_covered_display": "0", "missing_lines": 45, "excluded_lines": 0}, "missing_lines": [69, 70, 73, 74, 75, 76, 77, 80, 81, 82, 83, 84, 90, 91, 93, 94, 96, 97, 100, 103, 104, 105, 106, 108, 109, 113, 115, 118, 119, 121, 122, 123, 124, 125, 130, 131, 132, 133, 134, 140, 151, 157, 171, 172, 173], "excluded_lines": []}, "get_api_history": {"executed_lines": [], "summary": {"covered_lines": 0, "num_statements": 13, "percent_covered": 0.0, "percent_covered_display": "0", "missing_lines": 13, "excluded_lines": 0}, "missing_lines": [196, 197, 200, 201, 202, 203, 205, 206, 209, 211, 220, 221, 222], "excluded_lines": []}, "get_user_activity": {"executed_lines": [], "summary": {"covered_lines": 0, "num_statements": 23, "percent_covered": 0.0, "percent_covered_display": "0", "missing_lines": 23, "excluded_lines": 0}, "missing_lines": [250, 252, 254, 255, 256, 257, 259, 260, 265, 269, 270, 275, 278, 279, 280, 281, 283, 284, 287, 289, 298, 299, 300], "excluded_lines": []}, "get_recent_changes": {"executed_lines": [], "summary": {"covered_lines": 0, "num_statements": 18, "percent_covered": 0.0, "percent_covered_display": "0", "missing_lines": 18, "excluded_lines": 0}, "missing_lines": [325, 326, 329, 330, 331, 332, 333, 339, 340, 342, 343, 345, 346, 349, 351, 360, 361, 362], "excluded_lines": []}, "get_stats": {"executed_lines": [], "summary": {"covered_lines": 0, "num_statements": 7, "percent_covered": 0.0, "percent_covered_display": "0", "missing_lines": 7, "excluded_lines": 0}, "missing_lines": [382, 383, 385, 387, 392, 393, 394], "excluded_lines": []}, "cleanup_old_logs": {"executed_lines": [], "summary": {"covered_lines": 0, "num_statements": 14, "percent_covered": 0.0, "percent_covered_display": "0", "missing_lines": 14, "excluded_lines": 0}, "missing_lines": [421, 423, 424, 429, 432, 433, 435, 436, 437, 443, 445, 451, 452, 453], "excluded_lines": []}, "get_action_types": {"executed_lines": [], "summary": {"covered_lines": 0, "num_statements": 3, "percent_covered": 0.0, "percent_covered_display": "0", "missing_lines": 3, "excluded_lines": 0}, "missing_lines": [470, 472, 477], "excluded_lines": []}, "": {"executed_lines": [1, 8, 9, 10, 11, 12, 14, 16, 19, 24, 43, 44, 45, 46, 179, 180, 181, 228, 229, 230, 306, 307, 308, 368, 369, 370, 371, 400, 401, 402, 459, 460], "summary": {"covered_lines": 31, "num_statements": 31, "percent_covered": 100.0, "percent_covered_display": "100", "missing_lines": 0, "excluded_lines": 0}, "missing_lines": [], "excluded_lines": []}}, "classes": {"": {"executed_lines": [1, 8, 9, 10, 11, 12, 14, 16, 19, 24, 43, 44, 45, 46, 179, 180, 181, 228, 229, 230, 306, 307, 308, 368, 369, 370, 371, 400, 401, 402, 459, 460], "summary": {"covered_lines": 31, "num_statements": 162, "percent_covered": 19.135802469135804, "percent_covered_display": "19", "missing_lines": 131, "excluded_lines": 0}, "missing_lines": [21, 34, 35, 36, 37, 38, 39, 40, 69, 70, 73, 74, 75, 76, 77, 80, 81, 82, 83, 84, 90, 91, 93, 94, 96, 97, 100, 103, 104, 105, 106, 108, 109, 113, 115, 118, 119, 121, 122, 123, 124, 125, 130, 131, 132, 133, 134, 140, 151, 157, 171, 172, 173, 196, 197, 200, 201, 202, 203, 205, 206, 209, 211, 220, 221, 222, 250, 252, 254, 255, 256, 257, 259, 260, 265, 269, 270, 275, 278, 279, 280, 281, 283, 284, 287, 289, 298, 299, 300, 325, 326, 329, 330, 331, 332, 333, 339, 340, 342, 343, 345, 346, 349, 351, 360, 361, 362, 382, 383, 385, 387, 392, 393, 394, 421, 423, 424, 429, 432, 433, 435, 436, 437, 443, 445, 451, 452, 453, 470, 472, 477], "excluded_lines": []}}}, "app/routes/auth_routes.py": {"executed_lines": [1, 3, 4, 6, 13, 15, 17, 20, 22, 23, 24, 25, 28, 30, 31, 32, 33, 36, 39, 43, 47, 50, 51, 52, 98, 100, 101, 107, 108, 111, 112, 121, 123, 124, 125, 131, 132, 135, 136, 137, 139, 146, 153, 155, 156, 162, 163, 164, 167, 168, 173, 174, 180, 181, 182, 188, 189, 190, 191, 192, 203, 204, 207, 209, 211, 217, 222, 223, 224, 230, 231, 232, 267, 268, 270, 271, 276, 279, 281, 283, 294, 295, 308, 309, 353, 354, 355, 393, 394, 396, 397, 432, 433, 434, 467, 468, 470, 471, 508, 509, 510, 516, 517, 518], "summary": {"covered_lines": 103, "num_statements": 167, "percent_covered": 61.67664670658683, "percent_covered_display": "62", "missing_lines": 64, "excluded_lines": 0}, "missing_lines": [41, 44, 113, 114, 140, 196, 197, 218, 300, 301, 302, 332, 333, 345, 346, 347, 402, 405, 406, 408, 409, 410, 416, 418, 424, 425, 426, 476, 477, 479, 480, 486, 488, 489, 491, 493, 494, 495, 501, 503, 553, 555, 557, 558, 564, 565, 566, 567, 568, 573, 574, 576, 579, 581, 584, 585, 586, 587, 589, 591, 593, 601, 602, 603], "excluded_lines": [], "functions": {"get_token_service": {"executed_lines": [22, 23, 24, 25], "summary": {"covered_lines": 4, "num_statements": 4, "percent_covered": 100.0, "percent_covered_display": "100", "missing_lines": 0, "excluded_lines": 0}, "missing_lines": [], "excluded_lines": []}, "get_lockout_service": {"executed_lines": [30, 31, 32, 33], "summary": {"covered_lines": 4, "num_statements": 4, "percent_covered": 100.0, "percent_covered_display": "100", "missing_lines": 0, "excluded_lines": 0}, "missing_lines": [], "excluded_lines": []}, "get_client_ip": {"executed_lines": [39, 43, 47], "summary": {"covered_lines": 3, "num_statements": 5, "percent_covered": 60.0, "percent_covered_display": "60", "missing_lines": 2, "excluded_lines": 0}, "missing_lines": [41, 44], "excluded_lines": []}, "create_token": {"executed_lines": [98, 100, 101, 107, 108, 111, 112, 121, 123, 124, 125, 131, 132, 135, 136, 137, 139, 146, 153, 155, 156, 162, 163, 164, 167, 168, 173, 174, 180, 181, 182, 188, 189, 190, 191, 192, 203, 204, 207, 209, 211, 217, 222, 223, 224], "summary": {"covered_lines": 45, "num_statements": 51, "percent_covered": 88.23529411764706, "percent_covered_display": "88", "missing_lines": 6, "excluded_lines": 0}, "missing_lines": [113, 114, 140, 196, 197, 218], "excluded_lines": []}, "verify_token_endpoint": {"executed_lines": [267, 268, 270, 271, 276, 279, 281, 283, 294, 295], "summary": {"covered_lines": 10, "num_statements": 13, "percent_covered": 76.92307692307692, "percent_covered_display": "77", "missing_lines": 3, "excluded_lines": 0}, "missing_lines": [300, 301, 302], "excluded_lines": []}, "auth_status": {"executed_lines": [], "summary": {"covered_lines": 0, "num_statements": 5, "percent_covered": 0.0, "percent_covered_display": "0", "missing_lines": 5, "excluded_lines": 0}, "missing_lines": [332, 333, 345, 346, 347], "excluded_lines": []}, "refresh_token": {"executed_lines": [393, 394, 396, 397], "summary": {"covered_lines": 4, "num_statements": 15, "percent_covered": 26.666666666666668, "percent_covered_display": "27", "missing_lines": 11, "excluded_lines": 0}, "missing_lines": [402, 405, 406, 408, 409, 410, 416, 418, 424, 425, 426], "excluded_lines": []}, "revoke_token": {"executed_lines": [467, 468, 470, 471, 508, 509, 510], "summary": {"covered_lines": 7, "num_statements": 20, "percent_covered": 35.0, "percent_covered_display": "35", "missing_lines": 13, "excluded_lines": 0}, "missing_lines": [476, 477, 479, 480, 486, 488, 489, 491, 493, 494, 495, 501, 503], "excluded_lines": []}, "logout": {"executed_lines": [], "summary": {"covered_lines": 0, "num_statements": 24, "percent_covered": 0.0, "percent_covered_display": "0", "missing_lines": 24, "excluded_lines": 0}, "missing_lines": [553, 555, 557, 558, 564, 565, 566, 567, 568, 573, 574, 576, 579, 581, 584, 585, 586, 587, 589, 591, 593, 601, 602, 603], "excluded_lines": []}, "": {"executed_lines": [1, 3, 4, 6, 13, 15, 17, 20, 28, 36, 50, 51, 52, 230, 231, 232, 308, 309, 353, 354, 355, 432, 433, 434, 516, 517, 518], "summary": {"covered_lines": 26, "num_statements": 26, "percent_covered": 100.0, "percent_covered_display": "100", "missing_lines": 0, "excluded_lines": 0}, "missing_lines": [], "excluded_lines": []}}, "classes": {"": {"executed_lines": [1, 3, 4, 6, 13, 15, 17, 20, 22, 23, 24, 25, 28, 30, 31, 32, 33, 36, 39, 43, 47, 50, 51, 52, 98, 100, 101, 107, 108, 111, 112, 121, 123, 124, 125, 131, 132, 135, 136, 137, 139, 146, 153, 155, 156, 162, 163, 164, 167, 168, 173, 174, 180, 181, 182, 188, 189, 190, 191, 192, 203, 204, 207, 209, 211, 217, 222, 223, 224, 230, 231, 232, 267, 268, 270, 271, 276, 279, 281, 283, 294, 295, 308, 309, 353, 354, 355, 393, 394, 396, 397, 432, 433, 434, 467, 468, 470, 471, 508, 509, 510, 516, 517, 518], "summary": {"covered_lines": 103, "num_statements": 167, "percent_covered": 61.67664670658683, "percent_covered_display": "62", "missing_lines": 64, "excluded_lines": 0}, "missing_lines": [41, 44, 113, 114, 140, 196, 197, 218, 300, 301, 302, 332, 333, 345, 346, 347, 402, 405, 406, 408, 409, 410, 416, 418, 424, 425, 426, 476, 477, 479, 480, 486, 488, 489, 491, 493, 494, 495, 501, 503, 553, 555, 557, 558, 564, 565, 566, 567, 568, 573, 574, 576, 579, 581, 584, 585, 586, 587, 589, 591, 593, 601, 602, 603], "excluded_lines": []}}}, "app/routes/deploy_routes.py": {"executed_lines": [1, 12, 13, 14, 16, 17, 22, 25, 33, 35, 38, 39, 40, 41, 65, 67, 69, 84, 86, 87, 88, 91, 92, 93, 94, 95, 96, 97, 99, 102, 103, 105, 115, 116, 117, 120, 121, 122, 123, 137, 173, 174, 231, 232, 239, 240, 249, 267, 268, 275, 276, 285, 303, 304, 342, 343], "summary": {"covered_lines": 55, "num_statements": 95, "percent_covered": 57.89473684210526, "percent_covered_display": "58", "missing_lines": 40, "excluded_lines": 0}, "missing_lines": [70, 133, 135, 150, 151, 160, 161, 162, 186, 187, 189, 190, 204, 206, 207, 208, 209, 211, 218, 219, 220, 255, 256, 257, 291, 292, 293, 311, 312, 315, 324, 330, 331, 332, 352, 353, 370, 375, 376, 377], "excluded_lines": [], "functions": {"deploy_api": {"executed_lines": [65, 67, 69, 84, 86, 87, 88, 91, 92, 93, 94, 95, 96, 97, 99, 102, 103, 105, 115, 116, 117, 120, 121, 122, 123, 137], "summary": {"covered_lines": 26, "num_statements": 34, "percent_covered": 76.47058823529412, "percent_covered_display": "76", "missing_lines": 8, "excluded_lines": 0}, "missing_lines": [70, 133, 135, 150, 151, 160, 161, 162], "excluded_lines": []}, "validate_deployment": {"executed_lines": [], "summary": {"covered_lines": 0, "num_statements": 13, "percent_covered": 0.0, "percent_covered_display": "0", "missing_lines": 13, "excluded_lines": 0}, "missing_lines": [186, 187, 189, 190, 204, 206, 207, 208, 209, 211, 218, 219, 220], "excluded_lines": []}, "get_platforms": {"executed_lines": [239, 240, 249], "summary": {"covered_lines": 3, "num_statements": 6, "percent_covered": 50.0, "percent_covered_display": "50", "missing_lines": 3, "excluded_lines": 0}, "missing_lines": [255, 256, 257], "excluded_lines": []}, "get_environments": {"executed_lines": [275, 276, 285], "summary": {"covered_lines": 3, "num_statements": 6, "percent_covered": 50.0, "percent_covered_display": "50", "missing_lines": 3, "excluded_lines": 0}, "missing_lines": [291, 292, 293], "excluded_lines": []}, "get_statuses": {"executed_lines": [], "summary": {"covered_lines": 0, "num_statements": 7, "percent_covered": 0.0, "percent_covered_display": "0", "missing_lines": 7, "excluded_lines": 0}, "missing_lines": [311, 312, 315, 324, 330, 331, 332], "excluded_lines": []}, "get_config": {"executed_lines": [], "summary": {"covered_lines": 0, "num_statements": 6, "percent_covered": 0.0, "percent_covered_display": "0", "missing_lines": 6, "excluded_lines": 0}, "missing_lines": [352, 353, 370, 375, 376, 377], "excluded_lines": []}, "": {"executed_lines": [1, 12, 13, 14, 16, 17, 22, 25, 33, 35, 38, 39, 40, 41, 173, 174, 231, 232, 267, 268, 303, 304, 342, 343], "summary": {"covered_lines": 23, "num_statements": 23, "percent_covered": 100.0, "percent_covered_display": "100", "missing_lines": 0, "excluded_lines": 0}, "missing_lines": [], "excluded_lines": []}}, "classes": {"": {"executed_lines": [1, 12, 13, 14, 16, 17, 22, 25, 33, 35, 38, 39, 40, 41, 65, 67, 69, 84, 86, 87, 88, 91, 92, 93, 94, 95, 96, 97, 99, 102, 103, 105, 115, 116, 117, 120, 121, 122, 123, 137, 173, 174, 231, 232, 239, 240, 249, 267, 268, 275, 276, 285, 303, 304, 342, 343], "summary": {"covered_lines": 55, "num_statements": 95, "percent_covered": 57.89473684210526, "percent_covered_display": "58", "missing_lines": 40, "excluded_lines": 0}, "missing_lines": [70, 133, 135, 150, 151, 160, 161, 162, 186, 187, 189, 190, 204, 206, 207, 208, 209, 211, 218, 219, 220, 255, 256, 257, 291, 292, 293, 311, 312, 315, 324, 330, 331, 332, 352, 353, 370, 375, 376, 377], "excluded_lines": []}}}, "app/routes/health_routes.py": {"executed_lines": [1, 2, 3, 4, 6, 8, 9, 10, 12, 13, 14, 16, 17, 22, 41, 42, 61, 62, 71, 72], "summary": {"covered_lines": 19, "num_statements": 38, "percent_covered": 50.0, "percent_covered_display": "50", "missing_lines": 19, "excluded_lines": 0}, "missing_lines": [18, 19, 20, 32, 33, 34, 44, 46, 48, 53, 54, 65, 74, 75, 77, 94, 96, 97, 98], "excluded_lines": [], "functions": {"health_check": {"executed_lines": [12, 13, 14, 16, 17, 22], "summary": {"covered_lines": 6, "num_statements": 12, "percent_covered": 50.0, "percent_covered_display": "50", "missing_lines": 6, "excluded_lines": 0}, "missing_lines": [18, 19, 20, 32, 33, 34], "excluded_lines": []}, "readiness_check": {"executed_lines": [], "summary": {"covered_lines": 0, "num_statements": 5, "percent_covered": 0.0, "percent_covered_display": "0", "missing_lines": 5, "excluded_lines": 0}, "missing_lines": [44, 46, 48, 53, 54], "excluded_lines": []}, "liveness_check": {"executed_lines": [], "summary": {"covered_lines": 0, "num_statements": 1, "percent_covered": 0.0, "percent_covered_display": "0", "missing_lines": 1, "excluded_lines": 0}, "missing_lines": [65], "excluded_lines": []}, "metrics": {"executed_lines": [], "summary": {"covered_lines": 0, "num_statements": 7, "percent_covered": 0.0, "percent_covered_display": "0", "missing_lines": 7, "excluded_lines": 0}, "missing_lines": [74, 75, 77, 94, 96, 97, 98], "excluded_lines": []}, "": {"executed_lines": [1, 2, 3, 4, 6, 8, 9, 10, 41, 42, 61, 62, 71, 72], "summary": {"covered_lines": 13, "num_statements": 13, "percent_covered": 100.0, "percent_covered_display": "100", "missing_lines": 0, "excluded_lines": 0}, "missing_lines": [], "excluded_lines": []}}, "classes": {"": {"executed_lines": [1, 2, 3, 4, 6, 8, 9, 10, 12, 13, 14, 16, 17, 22, 41, 42, 61, 62, 71, 72], "summary": {"covered_lines": 19, "num_statements": 38, "percent_covered": 50.0, "percent_covered_display": "50", "missing_lines": 19, "excluded_lines": 0}, "missing_lines": [18, 19, 20, 32, 33, 34, 44, 46, 48, 53, 54, 65, 74, 75, 77, 94, 96, 97, 98], "excluded_lines": []}}}, "app/routes/main_routes.py": {"executed_lines": [1, 2, 4, 6, 7, 9, 11, 12, 16, 17], "summary": {"covered_lines": 9, "num_statements": 11, "percent_covered": 81.81818181818181, "percent_covered_display": "82", "missing_lines": 2, "excluded_lines": 0}, "missing_lines": [14, 19], "excluded_lines": [], "functions": {"index": {"executed_lines": [9], "summary": {"covered_lines": 1, "num_statements": 1, "percent_covered": 100.0, "percent_covered_display": "100", "missing_lines": 0, "excluded_lines": 0}, "missing_lines": [], "excluded_lines": []}, "search_page": {"executed_lines": [], "summary": {"covered_lines": 0, "num_statements": 1, "percent_covered": 0.0, "percent_covered_display": "0", "missing_lines": 1, "excluded_lines": 0}, "missing_lines": [14], "excluded_lines": []}, "audit_page": {"executed_lines": [], "summary": {"covered_lines": 0, "num_statements": 1, "percent_covered": 0.0, "percent_covered_display": "0", "missing_lines": 1, "excluded_lines": 0}, "missing_lines": [19], "excluded_lines": []}, "": {"executed_lines": [1, 2, 4, 6, 7, 11, 12, 16, 17], "summary": {"covered_lines": 8, "num_statements": 8, "percent_covered": 100.0, "percent_covered_display": "100", "missing_lines": 0, "excluded_lines": 0}, "missing_lines": [], "excluded_lines": []}}, "classes": {"": {"executed_lines": [1, 2, 4, 6, 7, 9, 11, 12, 16, 17], "summary": {"covered_lines": 9, "num_statements": 11, "percent_covered": 81.81818181818181, "percent_covered_display": "82", "missing_lines": 2, "excluded_lines": 0}, "missing_lines": [14, 19], "excluded_lines": []}}}, "app/routes/update_routes.py": {"executed_lines": [1, 12, 13, 14, 16, 17, 22, 25, 32, 34, 37, 38, 39, 40, 62, 63, 65, 79, 92, 106, 108, 113, 114, 115, 116, 118, 121, 122, 124, 134, 135, 136, 172, 173, 174, 175, 197, 198, 200, 214, 227, 241, 243, 247, 250, 251, 253, 260, 261, 262, 275, 276, 277, 298, 299, 300, 301, 321, 322, 324, 335, 345, 356, 366, 376, 377, 379, 382, 383, 384, 385, 386, 387, 388, 389, 390, 391, 396, 397, 399, 407, 408, 411, 412, 413, 424, 460, 461, 462, 463, 485, 486, 488, 499, 509, 519, 530, 540, 550, 551, 553, 556, 557, 559, 567, 568, 569, 604, 605, 606, 617, 619, 629, 640, 641, 643, 649, 650, 655, 676, 677, 678, 679, 690, 692, 702, 712, 715, 716, 717, 718, 719, 720, 721, 722, 723, 728, 733, 734, 736, 742, 743, 746, 747, 749, 750, 751, 752, 755, 759, 760, 770], "summary": {"covered_lines": 151, "num_statements": 217, "percent_covered": 69.5852534562212, "percent_covered_display": "70", "missing_lines": 66, "excluded_lines": 0}, "missing_lines": [66, 80, 93, 109, 110, 149, 150, 151, 160, 161, 162, 201, 215, 228, 244, 245, 286, 287, 288, 325, 336, 346, 357, 367, 392, 393, 421, 422, 437, 438, 439, 448, 449, 450, 489, 500, 510, 520, 531, 541, 581, 582, 583, 592, 593, 594, 620, 630, 664, 665, 666, 693, 703, 729, 730, 753, 756, 757, 767, 768, 782, 783, 784, 793, 794, 795], "excluded_lines": [], "functions": {"update_deployment_full": {"executed_lines": [62, 63, 65, 79, 92, 106, 108, 113, 114, 115, 116, 118, 121, 122, 124, 134, 135, 136], "summary": {"covered_lines": 18, "num_statements": 29, "percent_covered": 62.06896551724138, "percent_covered_display": "62", "missing_lines": 11, "excluded_lines": 0}, "missing_lines": [66, 80, 93, 109, 110, 149, 150, 151, 160, 161, 162], "excluded_lines": []}, "update_deployment_partial": {"executed_lines": [197, 198, 200, 214, 227, 241, 243, 247, 250, 251, 253, 260, 261, 262, 275, 276, 277], "summary": {"covered_lines": 17, "num_statements": 25, "percent_covered": 68.0, "percent_covered_display": "68", "missing_lines": 8, "excluded_lines": 0}, "missing_lines": [201, 215, 228, 244, 245, 286, 287, 288], "excluded_lines": []}, "update_deployment_status": {"executed_lines": [321, 322, 324, 335, 345, 356, 366, 376, 377, 379, 382, 383, 384, 385, 386, 387, 388, 389, 390, 391, 396, 397, 399, 407, 408, 411, 412, 413, 424], "summary": {"covered_lines": 29, "num_statements": 44, "percent_covered": 65.9090909090909, "percent_covered_display": "66", "missing_lines": 15, "excluded_lines": 0}, "missing_lines": [325, 336, 346, 357, 367, 392, 393, 421, 422, 437, 438, 439, 448, 449, 450], "excluded_lines": []}, "update_deployment_properties": {"executed_lines": [485, 486, 488, 499, 509, 519, 530, 540, 550, 551, 553, 556, 557, 559, 567, 568, 569], "summary": {"covered_lines": 17, "num_statements": 29, "percent_covered": 58.62068965517241, "percent_covered_display": "59", "missing_lines": 12, "excluded_lines": 0}, "missing_lines": [489, 500, 510, 520, 531, 541, 581, 582, 583, 592, 593, 594], "excluded_lines": []}, "get_deployment_details": {"executed_lines": [617, 619, 629, 640, 641, 643, 649, 650, 655], "summary": {"covered_lines": 9, "num_statements": 14, "percent_covered": 64.28571428571429, "percent_covered_display": "64", "missing_lines": 5, "excluded_lines": 0}, "missing_lines": [620, 630, 664, 665, 666], "excluded_lines": []}, "delete_deployment": {"executed_lines": [690, 692, 702, 712, 715, 716, 717, 718, 719, 720, 721, 722, 723, 728, 733, 734, 736, 742, 743, 746, 747, 749, 750, 751, 752, 755, 759, 760, 770], "summary": {"covered_lines": 29, "num_statements": 44, "percent_covered": 65.9090909090909, "percent_covered_display": "66", "missing_lines": 15, "excluded_lines": 0}, "missing_lines": [693, 703, 729, 730, 753, 756, 757, 767, 768, 782, 783, 784, 793, 794, 795], "excluded_lines": []}, "": {"executed_lines": [1, 12, 13, 14, 16, 17, 22, 25, 32, 34, 37, 38, 39, 40, 172, 173, 174, 175, 298, 299, 300, 301, 460, 461, 462, 463, 604, 605, 606, 676, 677, 678, 679], "summary": {"covered_lines": 32, "num_statements": 32, "percent_covered": 100.0, "percent_covered_display": "100", "missing_lines": 0, "excluded_lines": 0}, "missing_lines": [], "excluded_lines": []}}, "classes": {"": {"executed_lines": [1, 12, 13, 14, 16, 17, 22, 25, 32, 34, 37, 38, 39, 40, 62, 63, 65, 79, 92, 106, 108, 113, 114, 115, 116, 118, 121, 122, 124, 134, 135, 136, 172, 173, 174, 175, 197, 198, 200, 214, 227, 241, 243, 247, 250, 251, 253, 260, 261, 262, 275, 276, 277, 298, 299, 300, 301, 321, 322, 324, 335, 345, 356, 366, 376, 377, 379, 382, 383, 384, 385, 386, 387, 388, 389, 390, 391, 396, 397, 399, 407, 408, 411, 412, 413, 424, 460, 461, 462, 463, 485, 486, 488, 499, 509, 519, 530, 540, 550, 551, 553, 556, 557, 559, 567, 568, 569, 604, 605, 606, 617, 619, 629, 640, 641, 643, 649, 650, 655, 676, 677, 678, 679, 690, 692, 702, 712, 715, 716, 717, 718, 719, 720, 721, 722, 723, 728, 733, 734, 736, 742, 743, 746, 747, 749, 750, 751, 752, 755, 759, 760, 770], "summary": {"covered_lines": 151, "num_statements": 217, "percent_covered": 69.5852534562212, "percent_covered_display": "70", "missing_lines": 66, "excluded_lines": 0}, "missing_lines": [66, 80, 93, 109, 110, 149, 150, 151, 160, 161, 162, 201, 215, 228, 244, 245, 286, 287, 288, 325, 336, 346, 357, 367, 392, 393, 421, 422, 437, 438, 439, 448, 449, 450, 489, 500, 510, 520, 531, 541, 581, 582, 583, 592, 593, 594, 620, 630, 664, 665, 666, 693, 703, 729, 730, 753, 756, 757, 767, 768, 782, 783, 784, 793, 794, 795], "excluded_lines": []}}}, "app/services/__init__.py": {"executed_lines": [1], "summary": {"covered_lines": 0, "num_statements": 0, "percent_covered": 100.0, "percent_covered_display": "100", "missing_lines": 0, "excluded_lines": 0}, "missing_lines": [], "excluded_lines": [], "functions": {"": {"executed_lines": [1], "summary": {"covered_lines": 0, "num_statements": 0, "percent_covered": 100.0, "percent_covered_display": "100", "missing_lines": 0, "excluded_lines": 0}, "missing_lines": [], "excluded_lines": []}}, "classes": {"": {"executed_lines": [1], "summary": {"covered_lines": 0, "num_statements": 0, "percent_covered": 100.0, "percent_covered_display": "100", "missing_lines": 0, "excluded_lines": 0}, "missing_lines": [], "excluded_lines": []}}}, "app/services/audit_service.py": {"executed_lines": [1, 15, 16, 17, 18, 19, 20, 21, 23, 26, 27, 28, 29, 30, 31, 32, 33, 34, 35, 36, 37, 38, 39, 42, 43, 45, 53, 54, 55, 58, 60, 62, 64, 66, 69, 72, 75, 78, 83, 87, 109, 110, 111, 113, 122, 123, 125, 126, 128, 129, 131, 132, 134, 135, 138, 140, 141, 148, 167, 169, 175, 184, 200, 207, 216, 248, 289, 306, 308, 316, 325, 383, 396, 409, 423, 455, 502, 503], "summary": {"covered_lines": 75, "num_statements": 162, "percent_covered": 46.2962962962963, "percent_covered_display": "46", "missing_lines": 87, "excluded_lines": 0}, "missing_lines": [84, 85, 143, 144, 146, 232, 239, 266, 269, 270, 271, 272, 273, 276, 277, 278, 280, 309, 311, 314, 347, 348, 350, 351, 353, 354, 356, 357, 360, 361, 362, 363, 364, 365, 368, 370, 373, 374, 375, 377, 379, 380, 381, 394, 407, 420, 421, 437, 438, 440, 441, 443, 444, 446, 447, 449, 451, 452, 453, 465, 466, 467, 468, 470, 473, 474, 476, 477, 478, 485, 487, 489, 495, 496, 497, 514, 515, 518, 522, 525, 530, 533, 534, 538, 549, 550, 551], "excluded_lines": [], "functions": {"AuditService.__init__": {"executed_lines": [53, 54, 55, 58, 60], "summary": {"covered_lines": 5, "num_statements": 5, "percent_covered": 100.0, "percent_covered_display": "100", "missing_lines": 0, "excluded_lines": 0}, "missing_lines": [], "excluded_lines": []}, "AuditService._ensure_indexes": {"executed_lines": [64, 66, 69, 72, 75, 78, 83], "summary": {"covered_lines": 7, "num_statements": 9, "percent_covered": 77.77777777777777, "percent_covered_display": "78", "missing_lines": 2, "excluded_lines": 0}, "missing_lines": [84, 85], "excluded_lines": []}, "AuditService.log_change": {"executed_lines": [109, 110, 111, 113, 122, 123, 125, 126, 128, 129, 131, 132, 134, 135, 138, 140, 141], "summary": {"covered_lines": 17, "num_statements": 20, "percent_covered": 85.0, "percent_covered_display": "85", "missing_lines": 3, "excluded_lines": 0}, "missing_lines": [143, 144, 146], "excluded_lines": []}, "AuditService.log_deployment": {"executed_lines": [167, 169, 175], "summary": {"covered_lines": 3, "num_statements": 3, "percent_covered": 100.0, "percent_covered_display": "100", "missing_lines": 0, "excluded_lines": 0}, "missing_lines": [], "excluded_lines": []}, "AuditService.log_status_change": {"executed_lines": [200, 207], "summary": {"covered_lines": 2, "num_statements": 2, "percent_covered": 100.0, "percent_covered_display": "100", "missing_lines": 0, "excluded_lines": 0}, "missing_lines": [], "excluded_lines": []}, "AuditService.log_version_change": {"executed_lines": [], "summary": {"covered_lines": 0, "num_statements": 2, "percent_covered": 0.0, "percent_covered_display": "0", "missing_lines": 2, "excluded_lines": 0}, "missing_lines": [232, 239], "excluded_lines": []}, "AuditService.log_properties_change": {"executed_lines": [], "summary": {"covered_lines": 0, "num_statements": 10, "percent_covered": 0.0, "percent_covered_display": "0", "missing_lines": 10, "excluded_lines": 0}, "missing_lines": [266, 269, 270, 271, 272, 273, 276, 277, 278, 280], "excluded_lines": []}, "AuditService.log_deletion": {"executed_lines": [306, 308, 316], "summary": {"covered_lines": 3, "num_statements": 6, "percent_covered": 50.0, "percent_covered_display": "50", "missing_lines": 3, "excluded_lines": 0}, "missing_lines": [309, 311, 314], "excluded_lines": []}, "AuditService.get_audit_logs": {"executed_lines": [], "summary": {"covered_lines": 0, "num_statements": 23, "percent_covered": 0.0, "percent_covered_display": "0", "missing_lines": 23, "excluded_lines": 0}, "missing_lines": [347, 348, 350, 351, 353, 354, 356, 357, 360, 361, 362, 363, 364, 365, 368, 370, 373, 374, 375, 377, 379, 380, 381], "excluded_lines": []}, "AuditService.get_api_history": {"executed_lines": [], "summary": {"covered_lines": 0, "num_statements": 1, "percent_covered": 0.0, "percent_covered_display": "0", "missing_lines": 1, "excluded_lines": 0}, "missing_lines": [394], "excluded_lines": []}, "AuditService.get_user_activity": {"executed_lines": [], "summary": {"covered_lines": 0, "num_statements": 1, "percent_covered": 0.0, "percent_covered_display": "0", "missing_lines": 1, "excluded_lines": 0}, "missing_lines": [407], "excluded_lines": []}, "AuditService.get_recent_changes": {"executed_lines": [], "summary": {"covered_lines": 0, "num_statements": 2, "percent_covered": 0.0, "percent_covered_display": "0", "missing_lines": 2, "excluded_lines": 0}, "missing_lines": [420, 421], "excluded_lines": []}, "AuditService.count_logs": {"executed_lines": [], "summary": {"covered_lines": 0, "num_statements": 12, "percent_covered": 0.0, "percent_covered_display": "0", "missing_lines": 12, "excluded_lines": 0}, "missing_lines": [437, 438, 440, 441, 443, 444, 446, 447, 449, 451, 452, 453], "excluded_lines": []}, "AuditService.cleanup_old_logs": {"executed_lines": [], "summary": {"covered_lines": 0, "num_statements": 16, "percent_covered": 0.0, "percent_covered_display": "0", "missing_lines": 16, "excluded_lines": 0}, "missing_lines": [465, 466, 467, 468, 470, 473, 474, 476, 477, 478, 485, 487, 489, 495, 496, 497], "excluded_lines": []}, "AuditService.get_stats": {"executed_lines": [], "summary": {"covered_lines": 0, "num_statements": 12, "percent_covered": 0.0, "percent_covered_display": "0", "missing_lines": 12, "excluded_lines": 0}, "missing_lines": [514, 515, 518, 522, 525, 530, 533, 534, 538, 549, 550, 551], "excluded_lines": []}, "": {"executed_lines": [1, 15, 16, 17, 18, 19, 20, 21, 23, 26, 27, 28, 29, 30, 31, 32, 33, 34, 35, 36, 37, 38, 39, 42, 43, 45, 62, 87, 148, 184, 216, 248, 289, 325, 383, 396, 409, 423, 455, 502, 503], "summary": {"covered_lines": 38, "num_statements": 38, "percent_covered": 100.0, "percent_covered_display": "100", "missing_lines": 0, "excluded_lines": 0}, "missing_lines": [], "excluded_lines": []}}, "classes": {"AuditAction": {"executed_lines": [], "summary": {"covered_lines": 0, "num_statements": 0, "percent_covered": 100.0, "percent_covered_display": "100", "missing_lines": 0, "excluded_lines": 0}, "missing_lines": [], "excluded_lines": []}, "AuditService": {"executed_lines": [53, 54, 55, 58, 60, 64, 66, 69, 72, 75, 78, 83, 109, 110, 111, 113, 122, 123, 125, 126, 128, 129, 131, 132, 134, 135, 138, 140, 141, 167, 169, 175, 200, 207, 306, 308, 316], "summary": {"covered_lines": 37, "num_statements": 124, "percent_covered": 29.838709677419356, "percent_covered_display": "30", "missing_lines": 87, "excluded_lines": 0}, "missing_lines": [84, 85, 143, 144, 146, 232, 239, 266, 269, 270, 271, 272, 273, 276, 277, 278, 280, 309, 311, 314, 347, 348, 350, 351, 353, 354, 356, 357, 360, 361, 362, 363, 364, 365, 368, 370, 373, 374, 375, 377, 379, 380, 381, 394, 407, 420, 421, 437, 438, 440, 441, 443, 444, 446, 447, 449, 451, 452, 453, 465, 466, 467, 468, 470, 473, 474, 476, 477, 478, 485, 487, 489, 495, 496, 497, 514, 515, 518, 522, 525, 530, 533, 534, 538, 549, 550, 551], "excluded_lines": []}, "": {"executed_lines": [1, 15, 16, 17, 18, 19, 20, 21, 23, 26, 27, 28, 29, 30, 31, 32, 33, 34, 35, 36, 37, 38, 39, 42, 43, 45, 62, 87, 148, 184, 216, 248, 289, 325, 383, 396, 409, 423, 455, 502, 503], "summary": {"covered_lines": 38, "num_statements": 38, "percent_covered": 100.0, "percent_covered_display": "100", "missing_lines": 0, "excluded_lines": 0}, "missing_lines": [], "excluded_lines": []}}}, "app/services/auth_lockout_service.py": {"executed_lines": [1, 10, 11, 12, 13, 15, 18, 19, 21, 28, 29, 30, 32, 34, 35, 38, 42, 48, 53, 63, 64, 66, 67, 69, 71, 72, 75, 76, 77, 78, 79, 80, 82, 84, 85, 87, 89, 103, 104, 106, 107, 109, 110, 111, 113, 114, 117, 119, 120, 121, 124, 126, 127, 130, 133, 134, 136, 149, 154, 155, 156, 159, 171, 172, 175, 183, 184, 186, 187, 188, 190, 197, 198, 200, 201, 203, 205, 206, 208, 209, 211, 221, 222, 224, 226, 227, 230, 233, 234, 235, 238, 239, 240, 244, 246, 247, 248, 250, 260, 261, 263, 266, 267, 270, 271, 272, 275, 276, 277, 279, 281, 283, 284, 285, 287, 297, 298, 300, 302, 303, 304, 306, 308, 309, 310], "summary": {"covered_lines": 123, "num_statements": 126, "percent_covered": 97.61904761904762, "percent_covered_display": "98", "missing_lines": 3, "excluded_lines": 0}, "missing_lines": [50, 51, 242], "excluded_lines": [], "functions": {"AuthLockoutService.__init__": {"executed_lines": [28, 29, 30], "summary": {"covered_lines": 3, "num_statements": 3, "percent_covered": 100.0, "percent_covered_display": "100", "missing_lines": 0, "excluded_lines": 0}, "missing_lines": [], "excluded_lines": []}, "AuthLockoutService._ensure_indexes": {"executed_lines": [34, 35, 38, 42, 48], "summary": {"covered_lines": 5, "num_statements": 7, "percent_covered": 71.42857142857143, "percent_covered_display": "71", "missing_lines": 2, "excluded_lines": 0}, "missing_lines": [50, 51], "excluded_lines": []}, "AuthLockoutService.is_locked_out": {"executed_lines": [63, 64, 66, 67, 69, 71, 72, 75, 76, 77, 78, 79, 80, 82, 84, 85, 87], "summary": {"covered_lines": 17, "num_statements": 17, "percent_covered": 100.0, "percent_covered_display": "100", "missing_lines": 0, "excluded_lines": 0}, "missing_lines": [], "excluded_lines": []}, "AuthLockoutService.record_failed_attempt": {"executed_lines": [103, 104, 106, 107, 109, 110, 111, 113, 114, 117, 119, 120, 121, 124, 126, 127, 130, 133, 134, 136, 149, 154, 155, 156, 159, 171, 172, 175, 183, 184, 186, 187, 188], "summary": {"covered_lines": 33, "num_statements": 33, "percent_covered": 100.0, "percent_covered_display": "100", "missing_lines": 0, "excluded_lines": 0}, "missing_lines": [], "excluded_lines": []}, "AuthLockoutService.reset_failed_attempts": {"executed_lines": [197, 198, 200, 201, 203, 205, 206, 208, 209], "summary": {"covered_lines": 9, "num_statements": 9, "percent_covered": 100.0, "percent_covered_display": "100", "missing_lines": 0, "excluded_lines": 0}, "missing_lines": [], "excluded_lines": []}, "AuthLockoutService.get_lockout_info": {"executed_lines": [221, 222, 224, 226, 227, 230, 233, 234, 235, 238, 239, 240, 244, 246, 247, 248], "summary": {"covered_lines": 16, "num_statements": 17, "percent_covered": 94.11764705882354, "percent_covered_display": "94", "missing_lines": 1, "excluded_lines": 0}, "missing_lines": [242], "excluded_lines": []}, "AuthLockoutService.get_all_lockouts": {"executed_lines": [260, 261, 263, 266, 267, 270, 271, 272, 275, 276, 277, 279, 281, 283, 284, 285], "summary": {"covered_lines": 16, "num_statements": 16, "percent_covered": 100.0, "percent_covered_display": "100", "missing_lines": 0, "excluded_lines": 0}, "missing_lines": [], "excluded_lines": []}, "AuthLockoutService.manually_unlock": {"executed_lines": [297, 298, 300, 302, 303, 304, 306, 308, 309, 310], "summary": {"covered_lines": 10, "num_statements": 10, "percent_covered": 100.0, "percent_covered_display": "100", "missing_lines": 0, "excluded_lines": 0}, "missing_lines": [], "excluded_lines": []}, "": {"executed_lines": [1, 10, 11, 12, 13, 15, 18, 19, 21, 32, 53, 89, 190, 211, 250, 287], "summary": {"covered_lines": 14, "num_statements": 14, "percent_covered": 100.0, "percent_covered_display": "100", "missing_lines": 0, "excluded_lines": 0}, "missing_lines": [], "excluded_lines": []}}, "classes": {"AuthLockoutService": {"executed_lines": [28, 29, 30, 34, 35, 38, 42, 48, 63, 64, 66, 67, 69, 71, 72, 75, 76, 77, 78, 79, 80, 82, 84, 85, 87, 103, 104, 106, 107, 109, 110, 111, 113, 114, 117, 119, 120, 121, 124, 126, 127, 130, 133, 134, 136, 149, 154, 155, 156, 159, 171, 172, 175, 183, 184, 186, 187, 188, 197, 198, 200, 201, 203, 205, 206, 208, 209, 221, 222, 224, 226, 227, 230, 233, 234, 235, 238, 239, 240, 244, 246, 247, 248, 260, 261, 263, 266, 267, 270, 271, 272, 275, 276, 277, 279, 281, 283, 284, 285, 297, 298, 300, 302, 303, 304, 306, 308, 309, 310], "summary": {"covered_lines": 109, "num_statements": 112, "percent_covered": 97.32142857142857, "percent_covered_display": "97", "missing_lines": 3, "excluded_lines": 0}, "missing_lines": [50, 51, 242], "excluded_lines": []}, "": {"executed_lines": [1, 10, 11, 12, 13, 15, 18, 19, 21, 32, 53, 89, 190, 211, 250, 287], "summary": {"covered_lines": 14, "num_statements": 14, "percent_covered": 100.0, "percent_covered_display": "100", "missing_lines": 0, "excluded_lines": 0}, "missing_lines": [], "excluded_lines": []}}}, "app/services/backup_service.py": {"executed_lines": [1, 8, 9, 10, 11, 12, 13, 14, 15, 17, 18, 20, 23, 24, 26, 35, 36, 37, 40, 42, 44, 57, 58, 61, 62, 64, 66, 68, 70, 72, 73, 76, 78, 82, 93, 94, 95, 96, 98, 99, 101, 104, 107, 108, 109, 111, 112, 115, 116, 118, 121, 146, 148, 162, 165, 166, 168, 169, 171, 172, 173, 174, 177, 179, 181, 183, 184, 185, 191, 194, 197, 198, 200, 203, 204, 207, 214, 215, 217, 218, 220, 222, 223, 224, 226, 227, 231, 233, 243, 244, 245, 248, 250, 257, 260, 261, 264, 265, 266, 268, 269, 270, 273, 276, 277, 279, 294, 296, 298, 312, 313, 315, 316, 318, 319, 320, 321, 322, 327, 329, 339, 341, 343, 344, 346, 347, 349, 350, 351, 352, 353, 354, 358, 360], "summary": {"covered_lines": 132, "num_statements": 156, "percent_covered": 84.61538461538461, "percent_covered_display": "85", "missing_lines": 24, "excluded_lines": 0}, "missing_lines": [79, 135, 136, 139, 140, 141, 143, 175, 187, 188, 195, 208, 209, 210, 211, 229, 289, 290, 291, 323, 324, 325, 355, 356], "excluded_lines": [], "functions": {"BackupService.__init__": {"executed_lines": [35, 36, 37, 40, 42], "summary": {"covered_lines": 5, "num_statements": 5, "percent_covered": 100.0, "percent_covered_display": "100", "missing_lines": 0, "excluded_lines": 0}, "missing_lines": [], "excluded_lines": []}, "BackupService.create_backup": {"executed_lines": [57, 58, 61, 62, 64, 66, 68, 70, 72, 73, 76, 78, 82, 93, 94, 95, 96, 98, 99, 101, 104, 107, 108, 109, 111, 112, 115, 116, 118, 121, 146], "summary": {"covered_lines": 31, "num_statements": 38, "percent_covered": 81.57894736842105, "percent_covered_display": "82", "missing_lines": 7, "excluded_lines": 0}, "missing_lines": [79, 135, 136, 139, 140, 141, 143], "excluded_lines": []}, "BackupService.restore_backup": {"executed_lines": [162, 165, 166, 168, 169, 171, 172, 173, 174, 177, 179, 181, 183, 184, 185, 191, 194, 197, 198, 200, 203, 204, 207, 214, 215, 217, 218, 220, 222, 223, 224, 226, 227, 231, 233, 243, 244, 245, 248], "summary": {"covered_lines": 39, "num_statements": 48, "percent_covered": 81.25, "percent_covered_display": "81", "missing_lines": 9, "excluded_lines": 0}, "missing_lines": [175, 187, 188, 195, 208, 209, 210, 211, 229], "excluded_lines": []}, "BackupService.list_backups": {"executed_lines": [257, 260, 261, 264, 265, 266, 268, 269, 270, 273, 276, 277, 279, 294, 296], "summary": {"covered_lines": 15, "num_statements": 18, "percent_covered": 83.33333333333333, "percent_covered_display": "83", "missing_lines": 3, "excluded_lines": 0}, "missing_lines": [289, 290, 291], "excluded_lines": []}, "BackupService.delete_backup": {"executed_lines": [312, 313, 315, 316, 318, 319, 320, 321, 322, 327], "summary": {"covered_lines": 10, "num_statements": 13, "percent_covered": 76.92307692307692, "percent_covered_display": "77", "missing_lines": 3, "excluded_lines": 0}, "missing_lines": [323, 324, 325], "excluded_lines": []}, "BackupService.cleanup_old_backups": {"executed_lines": [339, 341, 343, 344, 346, 347, 349, 350, 351, 352, 353, 354, 358, 360], "summary": {"covered_lines": 14, "num_statements": 16, "percent_covered": 87.5, "percent_covered_display": "88", "missing_lines": 2, "excluded_lines": 0}, "missing_lines": [355, 356], "excluded_lines": []}, "": {"executed_lines": [1, 8, 9, 10, 11, 12, 13, 14, 15, 17, 18, 20, 23, 24, 26, 44, 148, 250, 298, 329], "summary": {"covered_lines": 18, "num_statements": 18, "percent_covered": 100.0, "percent_covered_display": "100", "missing_lines": 0, "excluded_lines": 0}, "missing_lines": [], "excluded_lines": []}}, "classes": {"BackupService": {"executed_lines": [35, 36, 37, 40, 42, 57, 58, 61, 62, 64, 66, 68, 70, 72, 73, 76, 78, 82, 93, 94, 95, 96, 98, 99, 101, 104, 107, 108, 109, 111, 112, 115, 116, 118, 121, 146, 162, 165, 166, 168, 169, 171, 172, 173, 174, 177, 179, 181, 183, 184, 185, 191, 194, 197, 198, 200, 203, 204, 207, 214, 215, 217, 218, 220, 222, 223, 224, 226, 227, 231, 233, 243, 244, 245, 248, 257, 260, 261, 264, 265, 266, 268, 269, 270, 273, 276, 277, 279, 294, 296, 312, 313, 315, 316, 318, 319, 320, 321, 322, 327, 339, 341, 343, 344, 346, 347, 349, 350, 351, 352, 353, 354, 358, 360], "summary": {"covered_lines": 114, "num_statements": 138, "percent_covered": 82.6086956521739, "percent_covered_display": "83", "missing_lines": 24, "excluded_lines": 0}, "missing_lines": [79, 135, 136, 139, 140, 141, 143, 175, 187, 188, 195, 208, 209, 210, 211, 229, 289, 290, 291, 323, 324, 325, 355, 356], "excluded_lines": []}, "": {"executed_lines": [1, 8, 9, 10, 11, 12, 13, 14, 15, 17, 18, 20, 23, 24, 26, 44, 148, 250, 298, 329], "summary": {"covered_lines": 18, "num_statements": 18, "percent_covered": 100.0, "percent_covered_display": "100", "missing_lines": 0, "excluded_lines": 0}, "missing_lines": [], "excluded_lines": []}}}, "app/services/database.py": {"executed_lines": [1, 11, 12, 13, 14, 15, 17, 20, 21, 23, 32, 33, 34, 35, 36, 37, 39, 41, 43, 44, 45, 48, 49, 52, 53, 56, 59, 60, 66, 86, 87, 88, 90, 91, 94, 96, 99, 102, 103, 104, 105, 110, 112, 131, 133, 135, 137, 139, 145, 157, 160, 161, 163, 165, 172, 173, 174, 176, 177, 180, 182, 184, 189, 196, 199, 200, 201, 202, 203, 204, 205, 206, 207, 208, 209, 210, 211, 212, 213, 214, 215, 216, 217, 218, 219, 220, 221, 222, 223, 224, 225, 226, 227, 228, 230, 231, 233, 234, 237, 247, 250, 252, 253, 255, 256, 258, 259, 261, 262, 263, 264, 266, 269, 270, 273, 274, 278, 339, 385, 388, 392, 393, 395, 399, 407, 427, 428, 430, 442, 455, 472, 485, 492, 495, 501, 502, 504, 509], "summary": {"covered_lines": 136, "num_statements": 189, "percent_covered": 71.95767195767196, "percent_covered_display": "72", "missing_lines": 53, "excluded_lines": 0}, "missing_lines": [62, 63, 64, 95, 97, 106, 107, 108, 276, 288, 289, 290, 293, 294, 295, 296, 297, 299, 300, 301, 304, 305, 306, 307, 310, 312, 332, 333, 342, 343, 344, 346, 349, 350, 352, 353, 354, 358, 360, 362, 382, 383, 389, 440, 452, 453, 466, 470, 482, 483, 511, 512, 513], "excluded_lines": [], "functions": {"DatabaseService.__init__": {"executed_lines": [32, 33, 34, 35, 36, 37, 39], "summary": {"covered_lines": 7, "num_statements": 7, "percent_covered": 100.0, "percent_covered_display": "100", "missing_lines": 0, "excluded_lines": 0}, "missing_lines": [], "excluded_lines": []}, "DatabaseService._connect": {"executed_lines": [43, 44, 45, 48, 49, 52, 53, 56, 59, 60], "summary": {"covered_lines": 10, "num_statements": 13, "percent_covered": 76.92307692307692, "percent_covered_display": "77", "missing_lines": 3, "excluded_lines": 0}, "missing_lines": [62, 63, 64], "excluded_lines": []}, "DatabaseService.search_apis": {"executed_lines": [86, 87, 88, 90, 91, 94, 96, 99, 102, 103, 104, 105], "summary": {"covered_lines": 12, "num_statements": 17, "percent_covered": 70.58823529411765, "percent_covered_display": "71", "missing_lines": 5, "excluded_lines": 0}, "missing_lines": [95, 97, 106, 107, 108], "excluded_lines": []}, "DatabaseService._get_all_apis_flattened": {"executed_lines": [112, 131], "summary": {"covered_lines": 2, "num_statements": 2, "percent_covered": 100.0, "percent_covered_display": "100", "missing_lines": 0, "excluded_lines": 0}, "missing_lines": [], "excluded_lines": []}, "DatabaseService._is_properties_search": {"executed_lines": [135], "summary": {"covered_lines": 1, "num_statements": 1, "percent_covered": 100.0, "percent_covered_display": "100", "missing_lines": 0, "excluded_lines": 0}, "missing_lines": [], "excluded_lines": []}, "DatabaseService._is_attribute_search": {"executed_lines": [139], "summary": {"covered_lines": 1, "num_statements": 1, "percent_covered": 100.0, "percent_covered_display": "100", "missing_lines": 0, "excluded_lines": 0}, "missing_lines": [], "excluded_lines": []}, "DatabaseService._parse_logical_query": {"executed_lines": [157, 160, 161, 163, 165, 172, 173, 174, 176, 177, 180, 182, 184], "summary": {"covered_lines": 13, "num_statements": 13, "percent_covered": 100.0, "percent_covered_display": "100", "missing_lines": 0, "excluded_lines": 0}, "missing_lines": [], "excluded_lines": []}, "DatabaseService._parse_single_condition": {"executed_lines": [196, 199, 200, 201, 202, 203, 204, 205, 206, 207, 208, 209, 210, 211, 212, 213, 214, 215, 216, 217, 218, 219, 220, 221, 222, 223, 224, 225, 226, 227, 228, 230, 231, 233, 234, 237, 247, 250, 252, 253, 255, 256, 258, 259, 261, 262, 263, 264, 266, 269, 270, 273, 274], "summary": {"covered_lines": 53, "num_statements": 54, "percent_covered": 98.14814814814815, "percent_covered_display": "98", "missing_lines": 1, "excluded_lines": 0}, "missing_lines": [276], "excluded_lines": []}, "DatabaseService._build_attribute_pipeline": {"executed_lines": [], "summary": {"covered_lines": 0, "num_statements": 19, "percent_covered": 0.0, "percent_covered_display": "0", "missing_lines": 19, "excluded_lines": 0}, "missing_lines": [288, 289, 290, 293, 294, 295, 296, 297, 299, 300, 301, 304, 305, 306, 307, 310, 312, 332, 333], "excluded_lines": []}, "DatabaseService._build_properties_pipeline": {"executed_lines": [], "summary": {"covered_lines": 0, "num_statements": 14, "percent_covered": 0.0, "percent_covered_display": "0", "missing_lines": 14, "excluded_lines": 0}, "missing_lines": [342, 343, 344, 346, 349, 350, 352, 353, 354, 358, 360, 362, 382, 383], "excluded_lines": []}, "DatabaseService._build_simple_text_pipeline": {"executed_lines": [388, 392, 393, 395, 399, 407, 427, 428], "summary": {"covered_lines": 8, "num_statements": 9, "percent_covered": 88.88888888888889, "percent_covered_display": "89", "missing_lines": 1, "excluded_lines": 0}, "missing_lines": [389], "excluded_lines": []}, "DatabaseService.get_api_by_name": {"executed_lines": [], "summary": {"covered_lines": 0, "num_statements": 1, "percent_covered": 0.0, "percent_covered_display": "0", "missing_lines": 1, "excluded_lines": 0}, "missing_lines": [440], "excluded_lines": []}, "DatabaseService.create_api": {"executed_lines": [], "summary": {"covered_lines": 0, "num_statements": 2, "percent_covered": 0.0, "percent_covered_display": "0", "missing_lines": 2, "excluded_lines": 0}, "missing_lines": [452, 453], "excluded_lines": []}, "DatabaseService.update_api": {"executed_lines": [], "summary": {"covered_lines": 0, "num_statements": 2, "percent_covered": 0.0, "percent_covered_display": "0", "missing_lines": 2, "excluded_lines": 0}, "missing_lines": [466, 470], "excluded_lines": []}, "DatabaseService.delete_api": {"executed_lines": [], "summary": {"covered_lines": 0, "num_statements": 2, "percent_covered": 0.0, "percent_covered_display": "0", "missing_lines": 2, "excluded_lines": 0}, "missing_lines": [482, 483], "excluded_lines": []}, "DatabaseService.get_stats": {"executed_lines": [492, 495, 501, 502, 504], "summary": {"covered_lines": 5, "num_statements": 5, "percent_covered": 100.0, "percent_covered_display": "100", "missing_lines": 0, "excluded_lines": 0}, "missing_lines": [], "excluded_lines": []}, "DatabaseService.close": {"executed_lines": [], "summary": {"covered_lines": 0, "num_statements": 3, "percent_covered": 0.0, "percent_covered_display": "0", "missing_lines": 3, "excluded_lines": 0}, "missing_lines": [511, 512, 513], "excluded_lines": []}, "": {"executed_lines": [1, 11, 12, 13, 14, 15, 17, 20, 21, 23, 41, 66, 110, 133, 137, 145, 189, 278, 339, 385, 430, 442, 455, 472, 485, 509], "summary": {"covered_lines": 24, "num_statements": 24, "percent_covered": 100.0, "percent_covered_display": "100", "missing_lines": 0, "excluded_lines": 0}, "missing_lines": [], "excluded_lines": []}}, "classes": {"DatabaseService": {"executed_lines": [32, 33, 34, 35, 36, 37, 39, 43, 44, 45, 48, 49, 52, 53, 56, 59, 60, 86, 87, 88, 90, 91, 94, 96, 99, 102, 103, 104, 105, 112, 131, 135, 139, 157, 160, 161, 163, 165, 172, 173, 174, 176, 177, 180, 182, 184, 196, 199, 200, 201, 202, 203, 204, 205, 206, 207, 208, 209, 210, 211, 212, 213, 214, 215, 216, 217, 218, 219, 220, 221, 222, 223, 224, 225, 226, 227, 228, 230, 231, 233, 234, 237, 247, 250, 252, 253, 255, 256, 258, 259, 261, 262, 263, 264, 266, 269, 270, 273, 274, 388, 392, 393, 395, 399, 407, 427, 428, 492, 495, 501, 502, 504], "summary": {"covered_lines": 112, "num_statements": 165, "percent_covered": 67.87878787878788, "percent_covered_display": "68", "missing_lines": 53, "excluded_lines": 0}, "missing_lines": [62, 63, 64, 95, 97, 106, 107, 108, 276, 288, 289, 290, 293, 294, 295, 296, 297, 299, 300, 301, 304, 305, 306, 307, 310, 312, 332, 333, 342, 343, 344, 346, 349, 350, 352, 353, 354, 358, 360, 362, 382, 383, 389, 440, 452, 453, 466, 470, 482, 483, 511, 512, 513], "excluded_lines": []}, "": {"executed_lines": [1, 11, 12, 13, 14, 15, 17, 20, 21, 23, 41, 66, 110, 133, 137, 145, 189, 278, 339, 385, 430, 442, 455, 472, 485, 509], "summary": {"covered_lines": 24, "num_statements": 24, "percent_covered": 100.0, "percent_covered_display": "100", "missing_lines": 0, "excluded_lines": 0}, "missing_lines": [], "excluded_lines": []}}}, "app/services/deploy_service.py": {"executed_lines": [1, 2, 3, 4, 5, 6, 8, 10, 11, 13, 20, 21, 23, 43, 44, 47, 48, 51, 53, 55, 57, 78, 80, 81, 96, 99, 100, 102, 103, 104, 105, 106, 107, 109, 111, 113, 135, 136, 150, 151, 153, 154, 155, 156, 157, 158, 159, 161, 200, 203, 206, 226, 227, 248, 267, 270, 285, 286, 289, 290, 291, 298, 299, 304, 305, 308, 309, 312, 313, 316, 318, 321, 322, 325, 334, 335, 356, 372, 377, 397, 414, 419, 432, 433, 436, 437, 445, 457, 459, 461, 462, 463, 464, 466, 470, 471, 474, 475, 477, 478, 480, 506, 519, 521, 523, 524, 526, 529, 530, 533, 536, 537, 538], "summary": {"covered_lines": 111, "num_statements": 140, "percent_covered": 79.28571428571429, "percent_covered_display": "79", "missing_lines": 29, "excluded_lines": 0}, "missing_lines": [88, 142, 163, 165, 185, 186, 192, 234, 240, 241, 242, 342, 348, 349, 350, 392, 438, 486, 492, 498, 499, 500, 527, 531, 534, 550, 552, 553, 554], "excluded_lines": [], "functions": {"DeploymentService.__init__": {"executed_lines": [20, 21], "summary": {"covered_lines": 2, "num_statements": 2, "percent_covered": 100.0, "percent_covered_display": "100", "missing_lines": 0, "excluded_lines": 0}, "missing_lines": [], "excluded_lines": []}, "DeploymentService.deploy_api": {"executed_lines": [43, 44, 47, 48, 51, 53, 55, 57, 78, 80, 81, 96, 99, 100, 102, 103, 104, 105, 106, 107, 109, 111, 113, 135, 136, 150, 151, 153, 154, 155, 156, 157, 158, 159, 161, 200, 203, 206, 226, 227], "summary": {"covered_lines": 40, "num_statements": 51, "percent_covered": 78.43137254901961, "percent_covered_display": "78", "missing_lines": 11, "excluded_lines": 0}, "missing_lines": [88, 142, 163, 165, 185, 186, 192, 234, 240, 241, 242], "excluded_lines": []}, "DeploymentService.update_deployment_full": {"executed_lines": [267], "summary": {"covered_lines": 1, "num_statements": 1, "percent_covered": 100.0, "percent_covered_display": "100", "missing_lines": 0, "excluded_lines": 0}, "missing_lines": [], "excluded_lines": []}, "DeploymentService.update_deployment_partial": {"executed_lines": [285, 286, 289, 290, 291, 298, 299, 304, 305, 308, 309, 312, 313, 316, 318, 321, 322, 325, 334, 335], "summary": {"covered_lines": 20, "num_statements": 24, "percent_covered": 83.33333333333333, "percent_covered_display": "83", "missing_lines": 4, "excluded_lines": 0}, "missing_lines": [342, 348, 349, 350], "excluded_lines": []}, "DeploymentService.update_status_only": {"executed_lines": [372], "summary": {"covered_lines": 1, "num_statements": 1, "percent_covered": 100.0, "percent_covered_display": "100", "missing_lines": 0, "excluded_lines": 0}, "missing_lines": [], "excluded_lines": []}, "DeploymentService.update_version_only": {"executed_lines": [], "summary": {"covered_lines": 0, "num_statements": 1, "percent_covered": 0.0, "percent_covered_display": "0", "missing_lines": 1, "excluded_lines": 0}, "missing_lines": [392], "excluded_lines": []}, "DeploymentService.update_properties_only": {"executed_lines": [414], "summary": {"covered_lines": 1, "num_statements": 1, "percent_covered": 100.0, "percent_covered_display": "100", "missing_lines": 0, "excluded_lines": 0}, "missing_lines": [], "excluded_lines": []}, "DeploymentService.delete_deployment": {"executed_lines": [432, 433, 436, 437, 445, 457, 459, 461, 462, 463, 464, 466, 470, 471, 474, 475, 477, 478, 480], "summary": {"covered_lines": 19, "num_statements": 25, "percent_covered": 76.0, "percent_covered_display": "76", "missing_lines": 6, "excluded_lines": 0}, "missing_lines": [438, 486, 492, 498, 499, 500], "excluded_lines": []}, "DeploymentService.get_deployment_status": {"executed_lines": [519, 521, 523, 524, 526, 529, 530, 533, 536, 537, 538], "summary": {"covered_lines": 11, "num_statements": 18, "percent_covered": 61.111111111111114, "percent_covered_display": "61", "missing_lines": 7, "excluded_lines": 0}, "missing_lines": [527, 531, 534, 550, 552, 553, 554], "excluded_lines": []}, "": {"executed_lines": [1, 2, 3, 4, 5, 6, 8, 10, 11, 13, 23, 248, 270, 356, 377, 397, 419, 506], "summary": {"covered_lines": 16, "num_statements": 16, "percent_covered": 100.0, "percent_covered_display": "100", "missing_lines": 0, "excluded_lines": 0}, "missing_lines": [], "excluded_lines": []}}, "classes": {"DeploymentService": {"executed_lines": [20, 21, 43, 44, 47, 48, 51, 53, 55, 57, 78, 80, 81, 96, 99, 100, 102, 103, 104, 105, 106, 107, 109, 111, 113, 135, 136, 150, 151, 153, 154, 155, 156, 157, 158, 159, 161, 200, 203, 206, 226, 227, 267, 285, 286, 289, 290, 291, 298, 299, 304, 305, 308, 309, 312, 313, 316, 318, 321, 322, 325, 334, 335, 372, 414, 432, 433, 436, 437, 445, 457, 459, 461, 462, 463, 464, 466, 470, 471, 474, 475, 477, 478, 480, 519, 521, 523, 524, 526, 529, 530, 533, 536, 537, 538], "summary": {"covered_lines": 95, "num_statements": 124, "percent_covered": 76.61290322580645, "percent_covered_display": "77", "missing_lines": 29, "excluded_lines": 0}, "missing_lines": [88, 142, 163, 165, 185, 186, 192, 234, 240, 241, 242, 342, 348, 349, 350, 392, 438, 486, 492, 498, 499, 500, 527, 531, 534, 550, 552, 553, 554], "excluded_lines": []}, "": {"executed_lines": [1, 2, 3, 4, 5, 6, 8, 10, 11, 13, 23, 248, 270, 356, 377, 397, 419, 506], "summary": {"covered_lines": 16, "num_statements": 16, "percent_covered": 100.0, "percent_covered_display": "100", "missing_lines": 0, "excluded_lines": 0}, "missing_lines": [], "excluded_lines": []}}}, "app/services/token_service.py": {"executed_lines": [1, 12, 13, 14, 15, 16, 17, 19, 22, 23, 25, 32, 33, 34, 37, 38, 41, 43, 45, 47, 49, 50, 51, 54, 60, 61, 64, 69, 71, 72, 74, 85, 86, 87, 88, 91, 94, 97, 108, 110, 115, 128, 139, 140, 141, 142, 145, 148, 151, 162, 165, 175, 177, 182, 192, 193, 194, 196, 207, 208, 210, 220, 234, 236, 237, 239, 251, 255, 256, 257, 260, 262, 266, 267, 268, 271, 273, 282, 284, 286, 297, 298, 299, 301, 312, 314, 316, 319, 320, 321, 326, 336, 338, 339, 341, 348, 350, 354, 364, 365, 366, 371, 372, 373, 375, 385, 387, 388, 390, 397, 398, 400, 404, 406, 413, 414, 415, 416, 417, 419, 420, 422, 423, 424, 426, 436, 437, 438, 439, 440, 441, 443, 453, 454, 464, 465, 467, 473, 480, 481, 484, 489, 493, 498, 503, 504, 505, 507, 517, 518, 522, 523, 524, 531], "summary": {"covered_lines": 152, "num_statements": 175, "percent_covered": 86.85714285714286, "percent_covered_display": "87", "missing_lines": 23, "excluded_lines": 0}, "missing_lines": [124, 125, 126, 252, 253, 263, 264, 307, 317, 318, 322, 323, 324, 351, 368, 369, 401, 469, 470, 471, 533, 534, 535], "excluded_lines": [], "functions": {"TokenService.__init__": {"executed_lines": [32, 33, 34, 37, 38, 41, 43], "summary": {"covered_lines": 7, "num_statements": 7, "percent_covered": 100.0, "percent_covered_display": "100", "missing_lines": 0, "excluded_lines": 0}, "missing_lines": [], "excluded_lines": []}, "TokenService._ensure_indexes": {"executed_lines": [47, 49, 50, 51, 54, 60, 61, 64, 69, 71, 72], "summary": {"covered_lines": 11, "num_statements": 11, "percent_covered": 100.0, "percent_covered_display": "100", "missing_lines": 0, "excluded_lines": 0}, "missing_lines": [], "excluded_lines": []}, "TokenService.generate_access_token": {"executed_lines": [85, 86, 87, 88, 91, 94, 97, 108, 110, 115], "summary": {"covered_lines": 10, "num_statements": 13, "percent_covered": 76.92307692307692, "percent_covered_display": "77", "missing_lines": 3, "excluded_lines": 0}, "missing_lines": [124, 125, 126], "excluded_lines": []}, "TokenService.generate_refresh_token": {"executed_lines": [139, 140, 141, 142, 145, 148, 151, 162, 165, 175, 177, 182, 192, 193, 194], "summary": {"covered_lines": 15, "num_statements": 15, "percent_covered": 100.0, "percent_covered_display": "100", "missing_lines": 0, "excluded_lines": 0}, "missing_lines": [], "excluded_lines": []}, "TokenService.generate_token_pair": {"executed_lines": [207, 208, 210], "summary": {"covered_lines": 3, "num_statements": 3, "percent_covered": 100.0, "percent_covered_display": "100", "missing_lines": 0, "excluded_lines": 0}, "missing_lines": [], "excluded_lines": []}, "TokenService.refresh_access_token": {"executed_lines": [234, 236, 237, 239, 251, 255, 256, 257, 260, 262, 266, 267, 268, 271, 273, 282, 284, 286, 297, 298, 299, 301, 312, 314, 316, 319, 320, 321], "summary": {"covered_lines": 28, "num_statements": 38, "percent_covered": 73.6842105263158, "percent_covered_display": "74", "missing_lines": 10, "excluded_lines": 0}, "missing_lines": [252, 253, 263, 264, 307, 317, 318, 322, 323, 324], "excluded_lines": []}, "TokenService.revoke_refresh_token": {"executed_lines": [336, 338, 339, 341, 348, 350, 354, 364, 365, 366, 371, 372, 373], "summary": {"covered_lines": 13, "num_statements": 16, "percent_covered": 81.25, "percent_covered_display": "81", "missing_lines": 3, "excluded_lines": 0}, "missing_lines": [351, 368, 369], "excluded_lines": []}, "TokenService.revoke_access_token": {"executed_lines": [385, 387, 388, 390, 397, 398, 400, 404, 406, 413, 414, 415, 416, 417, 419, 420, 422, 423, 424], "summary": {"covered_lines": 19, "num_statements": 20, "percent_covered": 95.0, "percent_covered_display": "95", "missing_lines": 1, "excluded_lines": 0}, "missing_lines": [401], "excluded_lines": []}, "TokenService.is_token_blacklisted": {"executed_lines": [436, 437, 438, 439, 440, 441], "summary": {"covered_lines": 6, "num_statements": 6, "percent_covered": 100.0, "percent_covered_display": "100", "missing_lines": 0, "excluded_lines": 0}, "missing_lines": [], "excluded_lines": []}, "TokenService.revoke_all_user_tokens": {"executed_lines": [453, 454, 464, 465, 467], "summary": {"covered_lines": 5, "num_statements": 8, "percent_covered": 62.5, "percent_covered_display": "62", "missing_lines": 3, "excluded_lines": 0}, "missing_lines": [469, 470, 471], "excluded_lines": []}, "TokenService.cleanup_expired_tokens": {"executed_lines": [480, 481, 484, 489, 493, 498, 503, 504, 505], "summary": {"covered_lines": 9, "num_statements": 9, "percent_covered": 100.0, "percent_covered_display": "100", "missing_lines": 0, "excluded_lines": 0}, "missing_lines": [], "excluded_lines": []}, "TokenService.get_user_active_tokens": {"executed_lines": [517, 518, 522, 523, 524, 531], "summary": {"covered_lines": 6, "num_statements": 9, "percent_covered": 66.66666666666667, "percent_covered_display": "67", "missing_lines": 3, "excluded_lines": 0}, "missing_lines": [533, 534, 535], "excluded_lines": []}, "": {"executed_lines": [1, 12, 13, 14, 15, 16, 17, 19, 22, 23, 25, 45, 74, 128, 196, 220, 326, 375, 426, 443, 473, 507], "summary": {"covered_lines": 20, "num_statements": 20, "percent_covered": 100.0, "percent_covered_display": "100", "missing_lines": 0, "excluded_lines": 0}, "missing_lines": [], "excluded_lines": []}}, "classes": {"TokenService": {"executed_lines": [32, 33, 34, 37, 38, 41, 43, 47, 49, 50, 51, 54, 60, 61, 64, 69, 71, 72, 85, 86, 87, 88, 91, 94, 97, 108, 110, 115, 139, 140, 141, 142, 145, 148, 151, 162, 165, 175, 177, 182, 192, 193, 194, 207, 208, 210, 234, 236, 237, 239, 251, 255, 256, 257, 260, 262, 266, 267, 268, 271, 273, 282, 284, 286, 297, 298, 299, 301, 312, 314, 316, 319, 320, 321, 336, 338, 339, 341, 348, 350, 354, 364, 365, 366, 371, 372, 373, 385, 387, 388, 390, 397, 398, 400, 404, 406, 413, 414, 415, 416, 417, 419, 420, 422, 423, 424, 436, 437, 438, 439, 440, 441, 453, 454, 464, 465, 467, 480, 481, 484, 489, 493, 498, 503, 504, 505, 517, 518, 522, 523, 524, 531], "summary": {"covered_lines": 132, "num_statements": 155, "percent_covered": 85.16129032258064, "percent_covered_display": "85", "missing_lines": 23, "excluded_lines": 0}, "missing_lines": [124, 125, 126, 252, 253, 263, 264, 307, 317, 318, 322, 323, 324, 351, 368, 369, 401, 469, 470, 471, 533, 534, 535], "excluded_lines": []}, "": {"executed_lines": [1, 12, 13, 14, 15, 16, 17, 19, 22, 23, 25, 45, 74, 128, 196, 220, 326, 375, 426, 443, 473, 507], "summary": {"covered_lines": 20, "num_statements": 20, "percent_covered": 100.0, "percent_covered_display": "100", "missing_lines": 0, "excluded_lines": 0}, "missing_lines": [], "excluded_lines": []}}}, "app/services/update_routes.py": {"executed_lines": [], "summary": {"covered_lines": 0, "num_statements": 118, "percent_covered": 0.0, "percent_covered_display": "0", "missing_lines": 118, "excluded_lines": 0}, "missing_lines": [2, 3, 6, 15, 17, 19, 20, 36, 37, 39, 40, 46, 47, 49, 50, 56, 57, 62, 63, 68, 69, 74, 75, 81, 82, 84, 93, 94, 95, 106, 111, 112, 113, 119, 120, 135, 136, 138, 139, 145, 146, 151, 152, 158, 159, 161, 168, 169, 181, 182, 187, 188, 189, 195, 196, 208, 209, 211, 212, 217, 218, 223, 224, 230, 231, 233, 241, 242, 253, 254, 259, 260, 261, 267, 268, 283, 284, 286, 287, 292, 293, 298, 299, 305, 306, 308, 316, 317, 328, 329, 334, 335, 336, 342, 343, 352, 354, 355, 357, 363, 364, 375, 376, 381, 382, 383, 389, 390, 396, 39
[...]
120], "summary": {"covered_lines": 1, "num_statements": 1, "percent_covered": 100.0, "percent_covered_display": "100", "missing_lines": 0, "excluded_lines": 0}, "missing_lines": [], "excluded_lines": []}, "clear_cache": {"executed_lines": [142, 143, 144, 145, 146, 147, 148, 149, 150, 151, 152, 153, 154, 156, 157, 158, 159, 160, 162], "summary": {"covered_lines": 19, "num_statements": 19, "percent_covered": 100.0, "percent_covered_display": "100", "missing_lines": 0, "excluded_lines": 0}, "missing_lines": [], "excluded_lines": []}, "invalidate_on_change": {"executed_lines": [178, 179, 192], "summary": {"covered_lines": 3, "num_statements": 3, "percent_covered": 100.0, "percent_covered_display": "100", "missing_lines": 0, "excluded_lines": 0}, "missing_lines": [], "excluded_lines": []}, "invalidate_on_change.decorator": {"executed_lines": [180, 191], "summary": {"covered_lines": 2, "num_statements": 2, "percent_covered": 100.0, "percent_covered_display": "100", "missing_lines": 0, "excluded_lines": 0}, "missing_lines": [], "excluded_lines": []}, "invalidate_on_change.decorator.wrapper": {"executed_lines": [182, 185, 186, 187, 189], "summary": {"covered_lines": 5, "num_statements": 5, "percent_covered": 100.0, "percent_covered_display": "100", "missing_lines": 0, "excluded_lines": 0}, "missing_lines": [], "excluded_lines": []}, "": {"executed_lines": [1, 6, 7, 8, 9, 10, 11, 13, 20, 23, 26, 29, 32, 54, 93, 113, 134, 165], "summary": {"covered_lines": 17, "num_statements": 17, "percent_covered": 100.0, "percent_covered_display": "100", "missing_lines": 0, "excluded_lines": 0}, "missing_lines": [], "excluded_lines": []}}, "classes": {"": {"executed_lines": [1, 6, 7, 8, 9, 10, 11, 13, 20, 23, 26, 29, 32, 44, 48, 51, 54, 68, 69, 70, 72, 75, 76, 77, 80, 81, 84, 85, 87, 89, 90, 93, 104, 113, 120, 134, 142, 143, 144, 145, 146, 147, 148, 149, 150, 151, 152, 153, 154, 156, 157, 158, 159, 160, 162, 165, 178, 179, 180, 182, 185, 186, 187, 189, 191, 192], "summary": {"covered_lines": 65, "num_statements": 65, "percent_covered": 100.0, "percent_covered_display": "100", "missing_lines": 0, "excluded_lines": 0}, "missing_lines": [], "excluded_lines": []}}}, "app/utils/exceptions.py": {"executed_lines": [1, 2, 3, 5, 7, 8, 9, 11, 12, 13, 15, 16, 17, 19, 27, 28, 30, 31, 36, 37, 39, 40, 45, 46, 48, 49, 54, 55, 57, 62, 63, 65, 66], "summary": {"covered_lines": 29, "num_statements": 29, "percent_covered": 100.0, "percent_covered_display": "100", "missing_lines": 0, "excluded_lines": 0}, "missing_lines": [], "excluded_lines": [], "functions": {"register_error_handlers": {"executed_lines": [27, 28, 36, 37, 45, 46, 54, 55, 62, 63], "summary": {"covered_lines": 10, "num_statements": 10, "percent_covered": 100.0, "percent_covered_display": "100", "missing_lines": 0, "excluded_lines": 0}, "missing_lines": [], "excluded_lines": []}, "register_error_handlers.handle_validation_error": {"executed_lines": [30, 31], "summary": {"covered_lines": 2, "num_statements": 2, "percent_covered": 100.0, "percent_covered_display": "100", "missing_lines": 0, "excluded_lines": 0}, "missing_lines": [], "excluded_lines": []}, "register_error_handlers.handle_database_error": {"executed_lines": [39, 40], "summary": {"covered_lines": 2, "num_statements": 2, "percent_covered": 100.0, "percent_covered_display": "100", "missing_lines": 0, "excluded_lines": 0}, "missing_lines": [], "excluded_lines": []}, "register_error_handlers.handle_authentication_error": {"executed_lines": [48, 49], "summary": {"covered_lines": 2, "num_statements": 2, "percent_covered": 100.0, "percent_covered_display": "100", "missing_lines": 0, "excluded_lines": 0}, "missing_lines": [], "excluded_lines": []}, "register_error_handlers.handle_not_found": {"executed_lines": [57], "summary": {"covered_lines": 1, "num_statements": 1, "percent_covered": 100.0, "percent_covered_display": "100", "missing_lines": 0, "excluded_lines": 0}, "missing_lines": [], "excluded_lines": []}, "register_error_handlers.handle_internal_error": {"executed_lines": [65, 66], "summary": {"covered_lines": 2, "num_statements": 2, "percent_covered": 100.0, "percent_covered_display": "100", "missing_lines": 0, "excluded_lines": 0}, "missing_lines": [], "excluded_lines": []}, "": {"executed_lines": [1, 2, 3, 5, 7, 8, 9, 11, 12, 13, 15, 16, 17, 19], "summary": {"covered_lines": 10, "num_statements": 10, "percent_covered": 100.0, "percent_covered_display": "100", "missing_lines": 0, "excluded_lines": 0}, "missing_lines": [], "excluded_lines": []}}, "classes": {"ValidationError": {"executed_lines": [], "summary": {"covered_lines": 0, "num_statements": 0, "percent_covered": 100.0, "percent_covered_display": "100", "missing_lines": 0, "excluded_lines": 0}, "missing_lines": [], "excluded_lines": []}, "DatabaseError": {"executed_lines": [], "summary": {"covered_lines": 0, "num_statements": 0, "percent_covered": 100.0, "percent_covered_display": "100", "missing_lines": 0, "excluded_lines": 0}, "missing_lines": [], "excluded_lines": []}, "AuthenticationError": {"executed_lines": [], "summary": {"covered_lines": 0, "num_statements": 0, "percent_covered": 100.0, "percent_covered_display": "100", "missing_lines": 0, "excluded_lines": 0}, "missing_lines": [], "excluded_lines": []}, "": {"executed_lines": [1, 2, 3, 5, 7, 8, 9, 11, 12, 13, 15, 16, 17, 19, 27, 28, 30, 31, 36, 37, 39, 40, 45, 46, 48, 49, 54, 55, 57, 62, 63, 65, 66], "summary": {"covered_lines": 29, "num_statements": 29, "percent_covered": 100.0, "percent_covered_display": "100", "missing_lines": 0, "excluded_lines": 0}, "missing_lines": [], "excluded_lines": []}}}, "app/utils/scheduler.py": {"executed_lines": [1, 7, 8, 9, 10, 11, 13, 16, 17, 19, 26, 27, 29, 30, 32, 39, 42, 43, 46, 49, 55, 59, 65, 67, 69, 76, 77, 80, 87, 96, 98, 105, 106, 109, 112, 119, 121, 124, 125, 127, 129, 130, 131, 133, 140, 142, 149, 151, 153, 154, 155, 157, 164, 165, 166, 168, 175, 176, 178, 179, 182, 184, 185, 188, 189, 190, 191, 197, 204], "summary": {"covered_lines": 67, "num_statements": 70, "percent_covered": 95.71428571428571, "percent_covered_display": "96", "missing_lines": 3, "excluded_lines": 0}, "missing_lines": [193, 194, 195], "excluded_lines": [], "functions": {"AppScheduler.__init__": {"executed_lines": [26, 27, 29, 30], "summary": {"covered_lines": 4, "num_statements": 4, "percent_covered": 100.0, "percent_covered_display": "100", "missing_lines": 0, "excluded_lines": 0}, "missing_lines": [], "excluded_lines": []}, "AppScheduler.init_app": {"executed_lines": [39, 42, 43, 46, 49, 55, 59, 65, 67], "summary": {"covered_lines": 9, "num_statements": 9, "percent_covered": 100.0, "percent_covered_display": "100", "missing_lines": 0, "excluded_lines": 0}, "missing_lines": [], "excluded_lines": []}, "AppScheduler._schedule_backup_job": {"executed_lines": [76, 77, 80, 87, 96], "summary": {"covered_lines": 5, "num_statements": 5, "percent_covered": 100.0, "percent_covered_display": "100", "missing_lines": 0, "excluded_lines": 0}, "missing_lines": [], "excluded_lines": []}, "AppScheduler._run_backup_job": {"executed_lines": [105, 106, 109, 112, 119, 121, 124, 125, 127, 129, 130, 131], "summary": {"covered_lines": 12, "num_statements": 12, "percent_covered": 100.0, "percent_covered_display": "100", "missing_lines": 0, "excluded_lines": 0}, "missing_lines": [], "excluded_lines": []}, "AppScheduler._job_executed_listener": {"executed_lines": [140], "summary": {"covered_lines": 1, "num_statements": 1, "percent_covered": 100.0, "percent_covered_display": "100", "missing_lines": 0, "excluded_lines": 0}, "missing_lines": [], "excluded_lines": []}, "AppScheduler._job_error_listener": {"executed_lines": [149], "summary": {"covered_lines": 1, "num_statements": 1, "percent_covered": 100.0, "percent_covered_display": "100", "missing_lines": 0, "excluded_lines": 0}, "missing_lines": [], "excluded_lines": []}, "AppScheduler.start": {"executed_lines": [153, 154, 155], "summary": {"covered_lines": 3, "num_statements": 3, "percent_covered": 100.0, "percent_covered_display": "100", "missing_lines": 0, "excluded_lines": 0}, "missing_lines": [], "excluded_lines": []}, "AppScheduler.shutdown": {"executed_lines": [164, 165, 166], "summary": {"covered_lines": 3, "num_statements": 3, "percent_covered": 100.0, "percent_covered_display": "100", "missing_lines": 0, "excluded_lines": 0}, "missing_lines": [], "excluded_lines": []}, "AppScheduler.get_jobs": {"executed_lines": [175, 176, 178, 179, 182, 184, 185, 188, 189, 190, 191, 197, 204], "summary": {"covered_lines": 13, "num_statements": 16, "percent_covered": 81.25, "percent_covered_display": "81", "missing_lines": 3, "excluded_lines": 0}, "missing_lines": [193, 194, 195], "excluded_lines": []}, "": {"executed_lines": [1, 7, 8, 9, 10, 11, 13, 16, 17, 19, 32, 69, 98, 133, 142, 151, 157, 168], "summary": {"covered_lines": 16, "num_statements": 16, "percent_covered": 100.0, "percent_covered_display": "100", "missing_lines": 0, "excluded_lines": 0}, "missing_lines": [], "excluded_lines": []}}, "classes": {"AppScheduler": {"executed_lines": [26, 27, 29, 30, 39, 42, 43, 46, 49, 55, 59, 65, 67, 76, 77, 80, 87, 96, 105, 106, 109, 112, 119, 121, 124, 125, 127, 129, 130, 131, 140, 149, 153, 154, 155, 164, 165, 166, 175, 176, 178, 179, 182, 184, 185, 188, 189, 190, 191, 197, 204], "summary": {"covered_lines": 51, "num_statements": 54, "percent_covered": 94.44444444444444, "percent_covered_display": "94", "missing_lines": 3, "excluded_lines": 0}, "missing_lines": [193, 194, 195], "excluded_lines": []}, "": {"executed_lines": [1, 7, 8, 9, 10, 11, 13, 16, 17, 19, 32, 69, 98, 133, 142, 151, 157, 168], "summary": {"covered_lines": 16, "num_statements": 16, "percent_covered": 100.0, "percent_covered_display": "100", "missing_lines": 0, "excluded_lines": 0}, "missing_lines": [], "excluded_lines": []}}}, "app/utils/timezone_utils.py": {"executed_lines": [1, 2, 3, 4, 9, 11, 22, 23, 25, 27, 29, 30, 32, 35, 36, 39, 41, 43, 44, 45, 47, 58, 59, 61, 63, 64, 66, 69, 70, 73, 75, 77, 78, 79, 81, 95, 96, 98, 100, 102, 103, 106, 109, 111, 112, 114, 120, 127, 129, 136, 138, 145, 147, 155, 165], "summary": {"covered_lines": 54, "num_statements": 57, "percent_covered": 94.73684210526316, "percent_covered_display": "95", "missing_lines": 3, "excluded_lines": 0}, "missing_lines": [116, 117, 118], "excluded_lines": [], "functions": {"utc_to_local": {"executed_lines": [22, 23, 25, 27, 29, 30, 32, 35, 36, 39, 41, 43, 44, 45], "summary": {"covered_lines": 14, "num_statements": 14, "percent_covered": 100.0, "percent_covered_display": "100", "missing_lines": 0, "excluded_lines": 0}, "missing_lines": [], "excluded_lines": []}, "local_to_utc": {"executed_lines": [58, 59, 61, 63, 64, 66, 69, 70, 73, 75, 77, 78, 79], "summary": {"covered_lines": 13, "num_statements": 13, "percent_covered": 100.0, "percent_covered_display": "100", "missing_lines": 0, "excluded_lines": 0}, "missing_lines": [], "excluded_lines": []}, "format_datetime": {"executed_lines": [95, 96, 98, 100, 102, 103, 106, 109, 111, 112, 114], "summary": {"covered_lines": 11, "num_statements": 14, "percent_covered": 78.57142857142857, "percent_covered_display": "79", "missing_lines": 3, "excluded_lines": 0}, "missing_lines": [116, 117, 118], "excluded_lines": []}, "get_current_local_time": {"executed_lines": [127], "summary": {"covered_lines": 1, "num_statements": 1, "percent_covered": 100.0, "percent_covered_display": "100", "missing_lines": 0, "excluded_lines": 0}, "missing_lines": [], "excluded_lines": []}, "get_current_utc_time": {"executed_lines": [136], "summary": {"covered_lines": 1, "num_statements": 1, "percent_covered": 100.0, "percent_covered_display": "100", "missing_lines": 0, "excluded_lines": 0}, "missing_lines": [], "excluded_lines": []}, "get_timezone_info": {"executed_lines": [145, 147], "summary": {"covered_lines": 2, "num_statements": 2, "percent_covered": 100.0, "percent_covered_display": "100", "missing_lines": 0, "excluded_lines": 0}, "missing_lines": [], "excluded_lines": []}, "format_timestamp": {"executed_lines": [165], "summary": {"covered_lines": 1, "num_statements": 1, "percent_covered": 100.0, "percent_covered_display": "100", "missing_lines": 0, "excluded_lines": 0}, "missing_lines": [], "excluded_lines": []}, "": {"executed_lines": [1, 2, 3, 4, 9, 11, 47, 81, 120, 129, 138, 155], "summary": {"covered_lines": 11, "num_statements": 11, "percent_covered": 100.0, "percent_covered_display": "100", "missing_lines": 0, "excluded_lines": 0}, "missing_lines": [], "excluded_lines": []}}, "classes": {"": {"executed_lines": [1, 2, 3, 4, 9, 11, 22, 23, 25, 27, 29, 30, 32, 35, 36, 39, 41, 43, 44, 45, 47, 58, 59, 61, 63, 64, 66, 69, 70, 73, 75, 77, 78, 79, 81, 95, 96, 98, 100, 102, 103, 106, 109, 111, 112, 114, 120, 127, 129, 136, 138, 145, 147, 155, 165], "summary": {"covered_lines": 54, "num_statements": 57, "percent_covered": 94.73684210526316, "percent_covered_display": "95", "missing_lines": 3, "excluded_lines": 0}, "missing_lines": [116, 117, 118], "excluded_lines": []}}}, "app/utils/validators.py": {"executed_lines": [1, 16, 17, 18, 21, 22, 24, 25, 26, 27, 28, 31, 44, 47, 56, 57, 58, 61, 62, 78, 79, 80, 83, 84, 85, 88, 89, 93, 94, 95, 98, 99, 103, 104, 105, 106, 109, 110, 111, 112, 114, 115, 120, 123, 134, 137, 138, 145, 146, 147, 148, 150, 151, 156, 157, 158, 160, 161, 171, 172, 173, 174, 177, 178, 179, 183, 184, 185, 189, 190, 193, 194, 199, 206, 213, 214, 219, 220, 223, 230, 234, 235, 236, 243, 250, 254, 255, 256, 262, 269, 273, 274, 275, 281, 287, 288, 293, 294, 297, 307, 308, 319, 320, 322, 329, 336, 337, 339, 344, 345, 348, 350, 354, 355, 358, 361, 367, 368, 370, 372, 373, 377, 378, 379, 381, 382, 385, 388, 394, 395, 398, 399, 401, 402, 404, 411, 415, 442, 445, 449], "summary": {"covered_lines": 138, "num_statements": 157, "percent_covered": 87.89808917197452, "percent_covered_display": "88", "missing_lines": 19, "excluded_lines": 0}, "missing_lines": [90, 100, 153, 180, 186, 191, 231, 237, 240, 251, 257, 259, 270, 276, 278, 351, 356, 374, 383], "excluded_lines": [], "functions": {"ValidationError.__init__": {"executed_lines": [25, 26, 27, 28], "summary": {"covered_lines": 4, "num_statements": 4, "percent_covered": 100.0, "percent_covered_display": "100", "missing_lines": 0, "excluded_lines": 0}, "missing_lines": [], "excluded_lines": []}, "validate_deployment_request": {"executed_lines": [44, 47, 56, 57, 58, 61, 62, 78, 79, 80, 83, 84, 85, 88, 89, 93, 94, 95, 98, 99, 103, 104, 105, 106, 109, 110, 111, 112, 114, 115, 120], "summary": {"covered_lines": 31, "num_statements": 33, "percent_covered": 93.93939393939394, "percent_covered_display": "94", "missing_lines": 2, "excluded_lines": 0}, "missing_lines": [90, 100], "excluded_lines": []}, "validate_update_request": {"executed_lines": [134, 137, 138, 145, 146, 147, 148, 150, 151, 156, 157, 158, 160, 161, 171, 172, 173, 174, 177, 178, 179, 183, 184, 185, 189, 190, 193, 194, 199], "summary": {"covered_lines": 29, "num_statements": 33, "percent_covered": 87.87878787878788, "percent_covered_display": "88", "missing_lines": 4, "excluded_lines": 0}, "missing_lines": [153, 180, 186, 191], "excluded_lines": []}, "validate_api_name": {"executed_lines": [213, 214, 219, 220], "summary": {"covered_lines": 4, "num_statements": 4, "percent_covered": 100.0, "percent_covered_display": "100", "missing_lines": 0, "excluded_lines": 0}, "missing_lines": [], "excluded_lines": []}, "validate_platform_id_strict": {"executed_lines": [230, 234, 235, 236], "summary": {"covered_lines": 4, "num_statements": 7, "percent_covered": 57.142857142857146, "percent_covered_display": "57", "missing_lines": 3, "excluded_lines": 0}, "missing_lines": [231, 237, 240], "excluded_lines": []}, "validate_environment_id_strict": {"executed_lines": [250, 254, 255, 256], "summary": {"covered_lines": 4, "num_statements": 7, "percent_covered": 57.142857142857146, "percent_covered_display": "57", "missing_lines": 3, "excluded_lines": 0}, "missing_lines": [251, 257, 259], "excluded_lines": []}, "validate_status_strict": {"executed_lines": [269, 273, 274, 275], "summary": {"covered_lines": 4, "num_statements": 7, "percent_covered": 57.142857142857146, "percent_covered_display": "57", "missing_lines": 3, "excluded_lines": 0}, "missing_lines": [270, 276, 278], "excluded_lines": []}, "validate_version": {"executed_lines": [287, 288, 293, 294], "summary": {"covered_lines": 4, "num_statements": 4, "percent_covered": 100.0, "percent_covered_display": "100", "missing_lines": 0, "excluded_lines": 0}, "missing_lines": [], "excluded_lines": []}, "validate_updated_by": {"executed_lines": [307, 308, 319, 320, 322], "summary": {"covered_lines": 5, "num_statements": 5, "percent_covered": 100.0, "percent_covered_display": "100", "missing_lines": 0, "excluded_lines": 0}, "missing_lines": [], "excluded_lines": []}, "validate_search_query": {"executed_lines": [336, 337, 339, 344, 345, 348, 350, 354, 355, 358], "summary": {"covered_lines": 10, "num_statements": 12, "percent_covered": 83.33333333333333, "percent_covered_display": "83", "missing_lines": 2, "excluded_lines": 0}, "missing_lines": [351, 356], "excluded_lines": []}, "validate_attribute_search_syntax": {"executed_lines": [367, 368, 370, 372, 373, 377, 378, 379, 381, 382, 385], "summary": {"covered_lines": 11, "num_statements": 13, "percent_covered": 84.61538461538461, "percent_covered_display": "85", "missing_lines": 2, "excluded_lines": 0}, "missing_lines": [374, 383], "excluded_lines": []}, "validate_properties_search_syntax": {"executed_lines": [394, 395, 398, 399, 401, 402, 404], "summary": {"covered_lines": 7, "num_statements": 7, "percent_covered": 100.0, "percent_covered_display": "100", "missing_lines": 0, "excluded_lines": 0}, "missing_lines": [], "excluded_lines": []}, "get_validation_example": {"executed_lines": [415, 442], "summary": {"covered_lines": 2, "num_statements": 2, "percent_covered": 100.0, "percent_covered_display": "100", "missing_lines": 0, "excluded_lines": 0}, "missing_lines": [], "excluded_lines": []}, "format_validation_error_response": {"executed_lines": [449], "summary": {"covered_lines": 1, "num_statements": 1, "percent_covered": 100.0, "percent_covered_display": "100", "missing_lines": 0, "excluded_lines": 0}, "missing_lines": [], "excluded_lines": []}, "": {"executed_lines": [1, 16, 17, 18, 21, 22, 24, 31, 123, 206, 223, 243, 262, 281, 297, 329, 361, 388, 411, 445], "summary": {"covered_lines": 18, "num_statements": 18, "percent_covered": 100.0, "percent_covered_display": "100", "missing_lines": 0, "excluded_lines": 0}, "missing_lines": [], "excluded_lines": []}}, "classes": {"ValidationError": {"executed_lines": [25, 26, 27, 28], "summary": {"covered_lines": 4, "num_statements": 4, "percent_covered": 100.0, "percent_covered_display": "100", "missing_lines": 0, "excluded_lines": 0}, "missing_lines": [], "excluded_lines": []}, "": {"executed_lines": [1, 16, 17, 18, 21, 22, 24, 31, 44, 47, 56, 57, 58, 61, 62, 78, 79, 80, 83, 84, 85, 88, 89, 93, 94, 95, 98, 99, 103, 104, 105, 106, 109, 110, 111, 112, 114, 115, 120, 123, 134, 137, 138, 145, 146, 147, 148, 150, 151, 156, 157, 158, 160, 161, 171, 172, 173, 174, 177, 178, 179, 183, 184, 185, 189, 190, 193, 194, 199, 206, 213, 214, 219, 220, 223, 230, 234, 235, 236, 243, 250, 254, 255, 256, 262, 269, 273, 274, 275, 281, 287, 288, 293, 294, 297, 307, 308, 319, 320, 322, 329, 336, 337, 339, 344, 345, 348, 350, 354, 355, 358, 361, 367, 368, 370, 372, 373, 377, 378, 379, 381, 382, 385, 388, 394, 395, 398, 399, 401, 402, 404, 411, 415, 442, 445, 449], "summary": {"covered_lines": 134, "num_statements": 153, "percent_covered": 87.58169934640523, "percent_covered_display": "88", "missing_lines": 19, "excluded_lines": 0}, "missing_lines": [90, 100, 153, 180, 186, 191, 231, 237, 240, 251, 257, 259, 270, 276, 278, 351, 356, 374, 383], "excluded_lines": []}}}}, "totals": {"covered_lines": 1871, "num_statements": 2694, "percent_covered": 69.4506310319228, "percent_covered_display": "69", "missing_lines": 823, "excluded_lines": 1}}